2025-08-23 12:10:39,655 - INFO - ============================================================
2025-08-23 12:10:39,656 - INFO - COMPLETE DATASET SUMMARY
2025-08-23 12:10:39,656 - INFO - ============================================================
2025-08-23 12:10:39,656 - INFO - Train samples: 28,778
2025-08-23 12:10:39,656 - INFO - Val samples:   2,539
2025-08-23 12:10:39,656 - INFO - Test samples:  653
2025-08-23 12:10:39,656 - INFO - Total samples: 31,970
2025-08-23 12:10:39,656 - INFO - ============================================================
2025-08-23 12:12:05,475 - INFO - Learning Rate Finder completed. Suggested LR: 9.33e-06
2025-08-23 14:11:28,716 - INFO - Epoch 1/150
2025-08-23 14:11:28,717 - INFO - Train - Loss: 0.7244, IoU: 0.6479, Dice: 0.7295, F1: 0.7295
2025-08-23 14:11:28,717 - INFO - Val - Loss: 0.3321, IoU: 0.8140, Dice: 0.8765, F1: 0.8765
2025-08-23 14:11:28,717 - INFO - Loss Components - Focal: 0.1399, Dice: 0.3531, Iou: 0.4628, Boundary: 0.0000
2025-08-23 14:11:29,073 - INFO - Saved best model with IoU: 0.8140
2025-08-23 16:10:38,173 - INFO - Epoch 2/150
2025-08-23 16:10:38,174 - INFO - Train - Loss: 0.4358, IoU: 0.7868, Dice: 0.8473, F1: 0.8473
2025-08-23 16:10:38,174 - INFO - Val - Loss: 0.2414, IoU: 0.8476, Dice: 0.9080, F1: 0.9080
2025-08-23 16:10:38,174 - INFO - Loss Components - Focal: 0.0889, Dice: 0.2027, Iou: 0.2883, Boundary: 0.0000
2025-08-23 16:10:38,537 - INFO - Saved best model with IoU: 0.8476
2025-08-23 18:15:34,043 - INFO - Epoch 3/150
2025-08-23 18:15:34,043 - INFO - Train - Loss: 0.3534, IoU: 0.8183, Dice: 0.8726, F1: 0.8726
2025-08-23 18:15:34,043 - INFO - Val - Loss: 0.1735, IoU: 0.8929, Dice: 0.9385, F1: 0.9385
2025-08-23 18:15:34,043 - INFO - Loss Components - Focal: 0.0791, Dice: 0.1589, Iou: 0.2308, Boundary: 0.0000
2025-08-23 18:15:34,396 - INFO - Saved best model with IoU: 0.8929
2025-08-23 20:22:55,230 - INFO - Epoch 4/150
2025-08-23 20:22:55,230 - INFO - Train - Loss: 0.3068, IoU: 0.8374, Dice: 0.8872, F1: 0.8872
2025-08-23 20:22:55,230 - INFO - Val - Loss: 0.2029, IoU: 0.8724, Dice: 0.9271, F1: 0.9271
2025-08-23 20:22:55,230 - INFO - Loss Components - Focal: 0.0713, Dice: 0.1358, Iou: 0.1994, Boundary: 0.0000
2025-08-23 22:46:52,760 - INFO - Epoch 5/150
2025-08-23 22:46:52,761 - INFO - Train - Loss: 0.2813, IoU: 0.8475, Dice: 0.8947, F1: 0.8947
2025-08-23 22:46:52,761 - INFO - Val - Loss: 0.1847, IoU: 0.8853, Dice: 0.9349, F1: 0.9349
2025-08-23 22:46:52,761 - INFO - Loss Components - Focal: 0.0668, Dice: 0.1235, Iou: 0.1820, Boundary: 0.0000
2025-08-24 00:46:57,657 - INFO - Epoch 6/150
2025-08-24 00:46:57,658 - INFO - Train - Loss: 0.2574, IoU: 0.8594, Dice: 0.9032, F1: 0.9032
2025-08-24 00:46:57,658 - INFO - Val - Loss: 0.1814, IoU: 0.8852, Dice: 0.9350, F1: 0.9350
2025-08-24 00:46:57,658 - INFO - Loss Components - Focal: 0.0630, Dice: 0.1117, Iou: 0.1652, Boundary: 0.0000
2025-08-24 02:48:24,143 - INFO - Epoch 7/150
2025-08-24 02:48:24,144 - INFO - Train - Loss: 0.2466, IoU: 0.8646, Dice: 0.9073, F1: 0.9073
2025-08-24 02:48:24,144 - INFO - Val - Loss: 0.1801, IoU: 0.8828, Dice: 0.9338, F1: 0.9338
2025-08-24 02:48:24,144 - INFO - Loss Components - Focal: 0.0614, Dice: 0.1062, Iou: 0.1578, Boundary: 0.0000
2025-08-24 04:55:37,838 - INFO - Epoch 8/150
2025-08-24 04:55:37,838 - INFO - Train - Loss: 0.2425, IoU: 0.8663, Dice: 0.9079, F1: 0.9079
2025-08-24 04:55:37,838 - INFO - Val - Loss: 0.1723, IoU: 0.8892, Dice: 0.9373, F1: 0.9373
2025-08-24 04:55:37,838 - INFO - Loss Components - Focal: 0.0616, Dice: 0.1040, Iou: 0.1537, Boundary: 0.0000
2025-08-24 07:02:52,717 - INFO - Epoch 9/150
2025-08-24 07:02:52,718 - INFO - Train - Loss: 0.2251, IoU: 0.8728, Dice: 0.9134, F1: 0.9134
2025-08-24 07:02:52,718 - INFO - Val - Loss: 0.1893, IoU: 0.8796, Dice: 0.9319, F1: 0.9319
2025-08-24 07:02:52,718 - INFO - Loss Components - Focal: 0.0543, Dice: 0.0978, Iou: 0.1460, Boundary: 0.0000
2025-08-24 09:09:59,635 - INFO - Epoch 10/150
2025-08-24 09:09:59,635 - INFO - Train - Loss: 0.2198, IoU: 0.8743, Dice: 0.9139, F1: 0.9139
2025-08-24 09:09:59,635 - INFO - Val - Loss: 0.1579, IoU: 0.8980, Dice: 0.9425, F1: 0.9425
2025-08-24 09:09:59,635 - INFO - Loss Components - Focal: 0.0516, Dice: 0.0965, Iou: 0.1433, Boundary: 0.0000
2025-08-24 09:10:00,158 - INFO - Saved best model with IoU: 0.8980
2025-08-24 11:20:53,583 - INFO - Epoch 11/150
2025-08-24 11:20:53,584 - INFO - Train - Loss: 0.2162, IoU: 0.8762, Dice: 0.9148, F1: 0.9148
2025-08-24 11:20:53,584 - INFO - Val - Loss: 0.1866, IoU: 0.8802, Dice: 0.9322, F1: 0.9322
2025-08-24 11:20:53,584 - INFO - Loss Components - Focal: 0.0508, Dice: 0.0951, Iou: 0.1405, Boundary: 0.0000
