2025-08-21 09:52:28,263 - INFO - ============================================================
2025-08-21 09:52:28,263 - INFO - COMPLETE DATASET SUMMARY
2025-08-21 09:52:28,263 - INFO - ============================================================
2025-08-21 09:52:28,263 - INFO - Train samples: 19,491
2025-08-21 09:52:28,263 - INFO - Val samples:   2,539
2025-08-21 09:52:28,263 - INFO - Test samples:  653
2025-08-21 09:52:28,263 - INFO - Total samples: 22,683
2025-08-21 09:52:28,263 - INFO - ============================================================
2025-08-21 10:55:16,394 - INFO - Epoch 1/100
2025-08-21 10:55:16,395 - INFO - Train - Loss: 0.0323, IoU: 0.9431, Dice: 0.9693, F1: 0.9693
2025-08-21 10:55:16,395 - INFO - Val - Loss: 0.0964, IoU: 0.9020, Dice: 0.9462, F1: 0.9462
2025-08-21 10:55:16,395 - INFO - Loss Components - Focal: 0.0183, Dice: 0.0331, Iou: 0.0630, Boundary: -0.5050
2025-08-21 10:55:17,852 - INFO - Saved best model with IoU: 0.9020
2025-08-21 12:01:14,083 - INFO - Epoch 2/100
2025-08-21 12:01:14,083 - INFO - Train - Loss: 0.0324, IoU: 0.9436, Dice: 0.9700, F1: 0.9700
2025-08-21 12:01:14,083 - INFO - Val - Loss: 0.0964, IoU: 0.9029, Dice: 0.9466, F1: 0.9466
2025-08-21 12:01:14,083 - INFO - Loss Components - Focal: 0.0181, Dice: 0.0334, Iou: 0.0634, Boundary: -0.5088
2025-08-21 12:01:15,585 - INFO - Saved best model with IoU: 0.9029
2025-08-21 13:08:31,781 - INFO - Epoch 3/100
2025-08-21 13:08:31,781 - INFO - Train - Loss: 0.0326, IoU: 0.9443, Dice: 0.9707, F1: 0.9707
2025-08-21 13:08:31,781 - INFO - Val - Loss: 0.0972, IoU: 0.9025, Dice: 0.9464, F1: 0.9464
2025-08-21 13:08:31,781 - INFO - Loss Components - Focal: 0.0184, Dice: 0.0334, Iou: 0.0633, Boundary: -0.5075
2025-08-21 14:11:03,198 - INFO - Epoch 4/100
2025-08-21 14:11:03,199 - INFO - Train - Loss: 0.0320, IoU: 0.9448, Dice: 0.9711, F1: 0.9711
2025-08-21 14:11:03,199 - INFO - Val - Loss: 0.0942, IoU: 0.9036, Dice: 0.9470, F1: 0.9470
2025-08-21 14:11:03,199 - INFO - Loss Components - Focal: 0.0186, Dice: 0.0329, Iou: 0.0627, Boundary: -0.5092
2025-08-21 14:11:04,711 - INFO - Saved best model with IoU: 0.9036
2025-08-21 15:13:44,795 - INFO - Epoch 5/100
2025-08-21 15:13:44,796 - INFO - Train - Loss: 0.0311, IoU: 0.9453, Dice: 0.9714, F1: 0.9714
2025-08-21 15:13:44,796 - INFO - Val - Loss: 0.0924, IoU: 0.9050, Dice: 0.9479, F1: 0.9479
2025-08-21 15:13:44,796 - INFO - Loss Components - Focal: 0.0173, Dice: 0.0327, Iou: 0.0624, Boundary: -0.5000
2025-08-21 15:13:46,277 - INFO - Saved best model with IoU: 0.9050
2025-08-21 16:15:39,639 - INFO - Epoch 6/100
2025-08-21 16:15:39,639 - INFO - Train - Loss: 0.0329, IoU: 0.9445, Dice: 0.9709, F1: 0.9709
2025-08-21 16:15:39,639 - INFO - Val - Loss: 0.0938, IoU: 0.9041, Dice: 0.9473, F1: 0.9473
2025-08-21 16:15:39,640 - INFO - Loss Components - Focal: 0.0184, Dice: 0.0332, Iou: 0.0632, Boundary: -0.5026
2025-08-21 17:18:33,109 - INFO - Epoch 7/100
2025-08-21 17:18:33,110 - INFO - Train - Loss: 0.0295, IoU: 0.9458, Dice: 0.9714, F1: 0.9714
2025-08-21 17:18:33,110 - INFO - Val - Loss: 0.0984, IoU: 0.9017, Dice: 0.9459, F1: 0.9459
2025-08-21 17:18:33,110 - INFO - Loss Components - Focal: 0.0173, Dice: 0.0320, Iou: 0.0610, Boundary: -0.5029
2025-08-21 18:22:41,221 - INFO - Epoch 8/100
2025-08-21 18:22:41,222 - INFO - Train - Loss: 0.0306, IoU: 0.9462, Dice: 0.9718, F1: 0.9718
2025-08-21 18:22:41,222 - INFO - Val - Loss: 0.0927, IoU: 0.9055, Dice: 0.9481, F1: 0.9481
2025-08-21 18:22:41,222 - INFO - Loss Components - Focal: 0.0182, Dice: 0.0323, Iou: 0.0614, Boundary: -0.5059
2025-08-21 18:22:42,768 - INFO - Saved best model with IoU: 0.9055
2025-08-21 19:30:04,198 - INFO - Epoch 9/100
2025-08-21 19:30:04,198 - INFO - Train - Loss: 0.0296, IoU: 0.9467, Dice: 0.9721, F1: 0.9721
2025-08-21 19:30:04,198 - INFO - Val - Loss: 0.0972, IoU: 0.9020, Dice: 0.9461, F1: 0.9461
2025-08-21 19:30:04,198 - INFO - Loss Components - Focal: 0.0175, Dice: 0.0318, Iou: 0.0607, Boundary: -0.5008
2025-08-21 20:37:47,195 - INFO - Epoch 10/100
2025-08-21 20:37:47,196 - INFO - Train - Loss: 0.0279, IoU: 0.9469, Dice: 0.9720, F1: 0.9720
2025-08-21 20:37:47,196 - INFO - Val - Loss: 0.0930, IoU: 0.9056, Dice: 0.9481, F1: 0.9481
2025-08-21 20:37:47,196 - INFO - Loss Components - Focal: 0.0173, Dice: 0.0313, Iou: 0.0598, Boundary: -0.5055
2025-08-21 20:37:48,798 - INFO - Saved best model with IoU: 0.9056
2025-08-21 21:45:44,175 - INFO - Epoch 11/100
2025-08-21 21:45:44,176 - INFO - Train - Loss: 0.0285, IoU: 0.9472, Dice: 0.9724, F1: 0.9724
2025-08-21 21:45:44,176 - INFO - Val - Loss: 0.0904, IoU: 0.9065, Dice: 0.9486, F1: 0.9486
2025-08-21 21:45:44,176 - INFO - Loss Components - Focal: 0.0174, Dice: 0.0316, Iou: 0.0602, Boundary: -0.5063
2025-08-21 21:45:45,692 - INFO - Saved best model with IoU: 0.9065
2025-08-21 22:52:49,795 - INFO - Epoch 12/100
2025-08-21 22:52:49,795 - INFO - Train - Loss: 0.0281, IoU: 0.9466, Dice: 0.9718, F1: 0.9718
2025-08-21 22:52:49,795 - INFO - Val - Loss: 0.0959, IoU: 0.9029, Dice: 0.9467, F1: 0.9467
2025-08-21 22:52:49,795 - INFO - Loss Components - Focal: 0.0172, Dice: 0.0314, Iou: 0.0600, Boundary: -0.5052
2025-08-22 00:00:42,155 - INFO - Epoch 13/100
2025-08-22 00:00:42,155 - INFO - Train - Loss: 0.0280, IoU: 0.9478, Dice: 0.9727, F1: 0.9727
2025-08-22 00:00:42,155 - INFO - Val - Loss: 0.0899, IoU: 0.9055, Dice: 0.9482, F1: 0.9482
2025-08-22 00:00:42,155 - INFO - Loss Components - Focal: 0.0171, Dice: 0.0313, Iou: 0.0596, Boundary: -0.5022
2025-08-22 01:06:41,113 - INFO - Epoch 14/100
2025-08-22 01:06:41,113 - INFO - Train - Loss: 0.0306, IoU: 0.9455, Dice: 0.9714, F1: 0.9714
2025-08-22 01:06:41,113 - INFO - Val - Loss: 0.0921, IoU: 0.9049, Dice: 0.9478, F1: 0.9478
2025-08-22 01:06:41,113 - INFO - Loss Components - Focal: 0.0174, Dice: 0.0325, Iou: 0.0620, Boundary: -0.5027
2025-08-22 02:12:59,441 - INFO - Epoch 15/100
2025-08-22 02:12:59,441 - INFO - Train - Loss: 0.0287, IoU: 0.9469, Dice: 0.9723, F1: 0.9723
2025-08-22 02:12:59,441 - INFO - Val - Loss: 0.0868, IoU: 0.9073, Dice: 0.9492, F1: 0.9492
2025-08-22 02:12:59,441 - INFO - Loss Components - Focal: 0.0169, Dice: 0.0316, Iou: 0.0603, Boundary: -0.4986
2025-08-22 02:13:00,944 - INFO - Saved best model with IoU: 0.9073
2025-08-22 03:19:40,498 - INFO - Epoch 16/100
2025-08-22 03:19:40,499 - INFO - Train - Loss: 0.0277, IoU: 0.9469, Dice: 0.9719, F1: 0.9719
2025-08-22 03:19:40,499 - INFO - Val - Loss: 0.0946, IoU: 0.9037, Dice: 0.9471, F1: 0.9471
2025-08-22 03:19:40,499 - INFO - Loss Components - Focal: 0.0171, Dice: 0.0315, Iou: 0.0600, Boundary: -0.5097
2025-08-22 04:27:44,211 - INFO - Epoch 17/100
2025-08-22 04:27:44,212 - INFO - Train - Loss: 0.0279, IoU: 0.9469, Dice: 0.9720, F1: 0.9720
2025-08-22 04:27:44,212 - INFO - Val - Loss: 0.0941, IoU: 0.9037, Dice: 0.9471, F1: 0.9471
2025-08-22 04:27:44,212 - INFO - Loss Components - Focal: 0.0169, Dice: 0.0319, Iou: 0.0604, Boundary: -0.5106
2025-08-22 05:33:57,750 - INFO - Epoch 18/100
2025-08-22 05:33:57,750 - INFO - Train - Loss: 0.0273, IoU: 0.9478, Dice: 0.9728, F1: 0.9728
2025-08-22 05:33:57,750 - INFO - Val - Loss: 0.1013, IoU: 0.8998, Dice: 0.9449, F1: 0.9449
2025-08-22 05:33:57,750 - INFO - Loss Components - Focal: 0.0170, Dice: 0.0310, Iou: 0.0594, Boundary: -0.5034
2025-08-22 06:43:00,766 - INFO - Epoch 19/100
2025-08-22 06:43:00,767 - INFO - Train - Loss: 0.0279, IoU: 0.9463, Dice: 0.9717, F1: 0.9717
2025-08-22 06:43:00,767 - INFO - Val - Loss: 0.0970, IoU: 0.9025, Dice: 0.9463, F1: 0.9463
2025-08-22 06:43:00,767 - INFO - Loss Components - Focal: 0.0172, Dice: 0.0316, Iou: 0.0604, Boundary: -0.5111
2025-08-22 07:50:28,212 - INFO - Epoch 20/100
2025-08-22 07:50:28,212 - INFO - Train - Loss: 0.0283, IoU: 0.9469, Dice: 0.9723, F1: 0.9723
2025-08-22 07:50:28,212 - INFO - Val - Loss: 0.1065, IoU: 0.8970, Dice: 0.9432, F1: 0.9432
2025-08-22 07:50:28,212 - INFO - Loss Components - Focal: 0.0174, Dice: 0.0315, Iou: 0.0603, Boundary: -0.5081
2025-08-22 08:59:42,741 - INFO - Epoch 21/100
2025-08-22 08:59:42,741 - INFO - Train - Loss: 0.0293, IoU: 0.9459, Dice: 0.9715, F1: 0.9715
2025-08-22 08:59:42,742 - INFO - Val - Loss: 0.0988, IoU: 0.9009, Dice: 0.9454, F1: 0.9454
2025-08-22 08:59:42,742 - INFO - Loss Components - Focal: 0.0173, Dice: 0.0318, Iou: 0.0608, Boundary: -0.5022
2025-08-22 10:04:39,264 - INFO - Epoch 22/100
2025-08-22 10:04:39,265 - INFO - Train - Loss: 0.0267, IoU: 0.9483, Dice: 0.9730, F1: 0.9730
2025-08-22 10:04:39,266 - INFO - Val - Loss: 0.1044, IoU: 0.8981, Dice: 0.9438, F1: 0.9438
2025-08-22 10:04:39,266 - INFO - Loss Components - Focal: 0.0174, Dice: 0.0308, Iou: 0.0589, Boundary: -0.5101
