2025-08-22 21:29:36,696 - INFO - ============================================================
2025-08-22 21:29:36,696 - INFO - COMPLETE DATASET SUMMARY
2025-08-22 21:29:36,696 - INFO - ============================================================
2025-08-22 21:29:36,696 - INFO - Train samples: 19,491
2025-08-22 21:29:36,696 - INFO - Val samples:   2,539
2025-08-22 21:29:36,696 - INFO - Test samples:  653
2025-08-22 21:29:36,696 - INFO - Total samples: 22,683
2025-08-22 21:29:36,696 - INFO - ============================================================
2025-08-22 21:56:20,166 - INFO - Epoch 1/100
2025-08-22 21:56:20,167 - INFO - Train - Loss: 0.0471, IoU: 0.9322, Dice: 0.9629, F1: 0.9629
2025-08-22 21:56:20,167 - INFO - Val - Loss: 0.1049, IoU: 0.8944, Dice: 0.9425, F1: 0.9425
2025-08-22 21:56:20,167 - INFO - Loss Components - Focal: 0.0222, Dice: 0.0393, Iou: 0.0744, Boundary: -0.5154
2025-08-22 21:56:21,213 - INFO - Saved best model with IoU: 0.8944
2025-08-22 22:22:55,261 - INFO - Epoch 2/100
2025-08-22 22:22:55,261 - INFO - Train - Loss: 0.0424, IoU: 0.9377, Dice: 0.9672, F1: 0.9672
2025-08-22 22:22:55,261 - INFO - Val - Loss: 0.1034, IoU: 0.8955, Dice: 0.9432, F1: 0.9432
2025-08-22 22:22:55,261 - INFO - Loss Components - Focal: 0.0213, Dice: 0.0376, Iou: 0.0713, Boundary: -0.5212
2025-08-22 22:22:56,456 - INFO - Saved best model with IoU: 0.8955
2025-08-22 22:49:28,499 - INFO - Epoch 3/100
2025-08-22 22:49:28,500 - INFO - Train - Loss: 0.0399, IoU: 0.9394, Dice: 0.9682, F1: 0.9682
2025-08-22 22:49:28,500 - INFO - Val - Loss: 0.1081, IoU: 0.8931, Dice: 0.9417, F1: 0.9417
2025-08-22 22:49:28,500 - INFO - Loss Components - Focal: 0.0210, Dice: 0.0364, Iou: 0.0691, Boundary: -0.5213
2025-08-22 23:15:57,776 - INFO - Epoch 4/100
2025-08-22 23:15:57,776 - INFO - Train - Loss: 0.0360, IoU: 0.9413, Dice: 0.9693, F1: 0.9693
2025-08-22 23:15:57,776 - INFO - Val - Loss: 0.1058, IoU: 0.8945, Dice: 0.9425, F1: 0.9425
2025-08-22 23:15:57,776 - INFO - Loss Components - Focal: 0.0199, Dice: 0.0353, Iou: 0.0673, Boundary: -0.5291
2025-08-22 23:42:19,186 - INFO - Epoch 5/100
2025-08-22 23:42:19,187 - INFO - Train - Loss: 0.0380, IoU: 0.9404, Dice: 0.9688, F1: 0.9688
2025-08-22 23:42:19,187 - INFO - Val - Loss: 0.1028, IoU: 0.8964, Dice: 0.9436, F1: 0.9436
2025-08-22 23:42:19,187 - INFO - Loss Components - Focal: 0.0193, Dice: 0.0359, Iou: 0.0683, Boundary: -0.5135
2025-08-22 23:42:20,245 - INFO - Saved best model with IoU: 0.8964
2025-08-23 00:08:42,872 - INFO - Epoch 6/100
2025-08-23 00:08:42,873 - INFO - Train - Loss: 0.0396, IoU: 0.9394, Dice: 0.9682, F1: 0.9682
2025-08-23 00:08:42,873 - INFO - Val - Loss: 0.1046, IoU: 0.8955, Dice: 0.9431, F1: 0.9431
2025-08-23 00:08:42,873 - INFO - Loss Components - Focal: 0.0205, Dice: 0.0364, Iou: 0.0693, Boundary: -0.5192
2025-08-23 00:35:06,582 - INFO - Epoch 7/100
2025-08-23 00:35:06,582 - INFO - Train - Loss: 0.0337, IoU: 0.9431, Dice: 0.9704, F1: 0.9704
2025-08-23 00:35:06,582 - INFO - Val - Loss: 0.1048, IoU: 0.8958, Dice: 0.9432, F1: 0.9432
2025-08-23 00:35:06,582 - INFO - Loss Components - Focal: 0.0191, Dice: 0.0341, Iou: 0.0653, Boundary: -0.5214
2025-08-23 01:01:30,990 - INFO - Epoch 8/100
2025-08-23 01:01:30,991 - INFO - Train - Loss: 0.0371, IoU: 0.9407, Dice: 0.9690, F1: 0.9690
2025-08-23 01:01:30,991 - INFO - Val - Loss: 0.1064, IoU: 0.8945, Dice: 0.9425, F1: 0.9425
2025-08-23 01:01:30,991 - INFO - Loss Components - Focal: 0.0198, Dice: 0.0355, Iou: 0.0678, Boundary: -0.5220
2025-08-23 01:27:58,721 - INFO - Epoch 9/100
2025-08-23 01:27:58,721 - INFO - Train - Loss: 0.0357, IoU: 0.9416, Dice: 0.9695, F1: 0.9695
2025-08-23 01:27:58,721 - INFO - Val - Loss: 0.1052, IoU: 0.8956, Dice: 0.9431, F1: 0.9431
2025-08-23 01:27:58,721 - INFO - Loss Components - Focal: 0.0195, Dice: 0.0348, Iou: 0.0665, Boundary: -0.5186
2025-08-23 01:54:30,940 - INFO - Epoch 10/100
2025-08-23 01:54:30,941 - INFO - Train - Loss: 0.0337, IoU: 0.9418, Dice: 0.9692, F1: 0.9692
2025-08-23 01:54:30,941 - INFO - Val - Loss: 0.1039, IoU: 0.8967, Dice: 0.9437, F1: 0.9437
2025-08-23 01:54:30,941 - INFO - Loss Components - Focal: 0.0187, Dice: 0.0342, Iou: 0.0654, Boundary: -0.5197
2025-08-23 01:54:31,981 - INFO - Saved best model with IoU: 0.8967
2025-08-23 02:21:12,055 - INFO - Epoch 11/100
2025-08-23 02:21:12,056 - INFO - Train - Loss: 0.0329, IoU: 0.9435, Dice: 0.9705, F1: 0.9705
2025-08-23 02:21:12,056 - INFO - Val - Loss: 0.1046, IoU: 0.8960, Dice: 0.9433, F1: 0.9433
2025-08-23 02:21:12,056 - INFO - Loss Components - Focal: 0.0191, Dice: 0.0338, Iou: 0.0645, Boundary: -0.5220
2025-08-23 02:48:03,441 - INFO - Epoch 12/100
2025-08-23 02:48:03,441 - INFO - Train - Loss: 0.0349, IoU: 0.9419, Dice: 0.9696, F1: 0.9696
2025-08-23 02:48:03,441 - INFO - Val - Loss: 0.1026, IoU: 0.8970, Dice: 0.9439, F1: 0.9439
2025-08-23 02:48:03,441 - INFO - Loss Components - Focal: 0.0191, Dice: 0.0348, Iou: 0.0663, Boundary: -0.5218
2025-08-23 02:48:04,500 - INFO - Saved best model with IoU: 0.8970
2025-08-23 03:15:05,410 - INFO - Epoch 13/100
2025-08-23 03:15:05,411 - INFO - Train - Loss: 0.0321, IoU: 0.9440, Dice: 0.9709, F1: 0.9709
2025-08-23 03:15:05,411 - INFO - Val - Loss: 0.1110, IoU: 0.8928, Dice: 0.9415, F1: 0.9415
2025-08-23 03:15:05,411 - INFO - Loss Components - Focal: 0.0181, Dice: 0.0336, Iou: 0.0644, Boundary: -0.5173
2025-08-23 03:43:27,491 - INFO - Epoch 14/100
2025-08-23 03:43:27,492 - INFO - Train - Loss: 0.0333, IoU: 0.9423, Dice: 0.9695, F1: 0.9695
2025-08-23 03:43:27,492 - INFO - Val - Loss: 0.1054, IoU: 0.8958, Dice: 0.9432, F1: 0.9432
2025-08-23 03:43:27,492 - INFO - Loss Components - Focal: 0.0185, Dice: 0.0338, Iou: 0.0647, Boundary: -0.5131
2025-08-23 04:15:25,376 - INFO - Epoch 15/100
2025-08-23 04:15:25,376 - INFO - Train - Loss: 0.0342, IoU: 0.9430, Dice: 0.9702, F1: 0.9702
2025-08-23 04:15:25,376 - INFO - Val - Loss: 0.1095, IoU: 0.8932, Dice: 0.9417, F1: 0.9417
2025-08-23 04:15:25,376 - INFO - Loss Components - Focal: 0.0189, Dice: 0.0341, Iou: 0.0650, Boundary: -0.5128
2025-08-23 04:46:59,612 - INFO - Epoch 16/100
2025-08-23 04:46:59,612 - INFO - Train - Loss: 0.0319, IoU: 0.9442, Dice: 0.9709, F1: 0.9709
2025-08-23 04:46:59,612 - INFO - Val - Loss: 0.1007, IoU: 0.8983, Dice: 0.9445, F1: 0.9445
2025-08-23 04:46:59,612 - INFO - Loss Components - Focal: 0.0190, Dice: 0.0334, Iou: 0.0639, Boundary: -0.5256
2025-08-23 04:47:00,671 - INFO - Saved best model with IoU: 0.8983
2025-08-23 05:20:28,450 - INFO - Epoch 17/100
2025-08-23 05:20:28,451 - INFO - Train - Loss: 0.0323, IoU: 0.9433, Dice: 0.9704, F1: 0.9704
2025-08-23 05:20:28,451 - INFO - Val - Loss: 0.1091, IoU: 0.8941, Dice: 0.9422, F1: 0.9422
2025-08-23 05:20:28,451 - INFO - Loss Components - Focal: 0.0191, Dice: 0.0336, Iou: 0.0643, Boundary: -0.5255
2025-08-23 05:55:51,340 - INFO - Epoch 18/100
2025-08-23 05:55:51,341 - INFO - Train - Loss: 0.0313, IoU: 0.9447, Dice: 0.9711, F1: 0.9711
2025-08-23 05:55:51,341 - INFO - Val - Loss: 0.1126, IoU: 0.8915, Dice: 0.9406, F1: 0.9406
2025-08-23 05:55:51,341 - INFO - Loss Components - Focal: 0.0183, Dice: 0.0332, Iou: 0.0633, Boundary: -0.5186
2025-08-23 06:32:17,222 - INFO - Epoch 19/100
2025-08-23 06:32:17,222 - INFO - Train - Loss: 0.0308, IoU: 0.9445, Dice: 0.9712, F1: 0.9712
2025-08-23 06:32:17,222 - INFO - Val - Loss: 0.1131, IoU: 0.8913, Dice: 0.9405, F1: 0.9405
2025-08-23 06:32:17,222 - INFO - Loss Components - Focal: 0.0186, Dice: 0.0331, Iou: 0.0634, Boundary: -0.5259
2025-08-23 07:10:39,920 - INFO - Epoch 20/100
2025-08-23 07:10:39,920 - INFO - Train - Loss: 0.0293, IoU: 0.9453, Dice: 0.9716, F1: 0.9716
2025-08-23 07:10:39,920 - INFO - Val - Loss: 0.1202, IoU: 0.8872, Dice: 0.9382, F1: 0.9382
2025-08-23 07:10:39,920 - INFO - Loss Components - Focal: 0.0173, Dice: 0.0328, Iou: 0.0630, Boundary: -0.5238
2025-08-23 07:48:11,533 - INFO - Epoch 21/100
2025-08-23 07:48:11,534 - INFO - Train - Loss: 0.0298, IoU: 0.9453, Dice: 0.9716, F1: 0.9716
2025-08-23 07:48:11,534 - INFO - Val - Loss: 0.1172, IoU: 0.8888, Dice: 0.9391, F1: 0.9391
2025-08-23 07:48:11,534 - INFO - Loss Components - Focal: 0.0175, Dice: 0.0328, Iou: 0.0630, Boundary: -0.5202
2025-08-23 08:22:54,542 - INFO - Epoch 22/100
2025-08-23 08:22:54,543 - INFO - Train - Loss: 0.0303, IoU: 0.9451, Dice: 0.9715, F1: 0.9715
2025-08-23 08:22:54,543 - INFO - Val - Loss: 0.1110, IoU: 0.8920, Dice: 0.9409, F1: 0.9409
2025-08-23 08:22:54,543 - INFO - Loss Components - Focal: 0.0183, Dice: 0.0328, Iou: 0.0628, Boundary: -0.5215
2025-08-23 08:58:07,214 - INFO - Epoch 23/100
2025-08-23 08:58:07,214 - INFO - Train - Loss: 0.0303, IoU: 0.9439, Dice: 0.9704, F1: 0.9704
2025-08-23 08:58:07,214 - INFO - Val - Loss: 0.1169, IoU: 0.8887, Dice: 0.9391, F1: 0.9391
2025-08-23 08:58:07,214 - INFO - Loss Components - Focal: 0.0180, Dice: 0.0330, Iou: 0.0632, Boundary: -0.5226
