2025-08-22 10:42:48,873 - INFO - ============================================================
2025-08-22 10:42:48,873 - INFO - COMPLETE DATASET SUMMARY
2025-08-22 10:42:48,873 - INFO - ============================================================
2025-08-22 10:42:48,873 - INFO - Train samples: 28,778
2025-08-22 10:42:48,873 - INFO - Val samples:   2,539
2025-08-22 10:42:48,873 - INFO - Test samples:  653
2025-08-22 10:42:48,873 - INFO - Total samples: 31,970
2025-08-22 10:42:48,873 - INFO - ============================================================
2025-08-22 11:22:54,216 - INFO - Epoch 1/150
2025-08-22 11:22:54,216 - INFO - Train - Loss: 0.3004, IoU: 0.7955, Dice: 0.8793, F1: 0.8793
2025-08-22 11:22:54,216 - INFO - Val - Loss: 0.1255, IoU: 0.8848, Dice: 0.9370, F1: 0.9370
2025-08-22 11:22:54,216 - INFO - Loss Components - Focal: 0.1020, Dice: 0.1326, Iou: 0.2249, Boundary: -0.4658
2025-08-22 11:22:55,341 - INFO - Saved best model with IoU: 0.8848
2025-08-22 12:02:27,980 - INFO - Epoch 2/150
2025-08-22 12:02:27,981 - INFO - Train - Loss: 0.1596, IoU: 0.8694, Dice: 0.9281, F1: 0.9281
2025-08-22 12:02:27,981 - INFO - Val - Loss: 0.1407, IoU: 0.8723, Dice: 0.9300, F1: 0.9300
2025-08-22 12:02:27,981 - INFO - Loss Components - Focal: 0.0508, Dice: 0.0817, Iou: 0.1477, Boundary: -0.4680
2025-08-22 12:43:46,894 - INFO - Epoch 3/150
2025-08-22 12:43:46,895 - INFO - Train - Loss: 0.1344, IoU: 0.8847, Dice: 0.9368, F1: 0.9368
2025-08-22 12:43:46,895 - INFO - Val - Loss: 0.1428, IoU: 0.8701, Dice: 0.9287, F1: 0.9287
2025-08-22 12:43:46,895 - INFO - Loss Components - Focal: 0.0448, Dice: 0.0716, Iou: 0.1301, Boundary: -0.4713
2025-08-22 13:27:21,785 - INFO - Epoch 4/150
2025-08-22 13:27:21,785 - INFO - Train - Loss: 0.1095, IoU: 0.8985, Dice: 0.9446, F1: 0.9446
2025-08-22 13:27:21,785 - INFO - Val - Loss: 0.1173, IoU: 0.8877, Dice: 0.9385, F1: 0.9385
2025-08-22 13:27:21,785 - INFO - Loss Components - Focal: 0.0373, Dice: 0.0621, Iou: 0.1141, Boundary: -0.4685
2025-08-22 13:27:23,021 - INFO - Saved best model with IoU: 0.8877
2025-08-22 14:04:41,388 - INFO - Epoch 5/150
2025-08-22 14:04:41,389 - INFO - Train - Loss: 0.0980, IoU: 0.9065, Dice: 0.9494, F1: 0.9494
2025-08-22 14:04:41,389 - INFO - Val - Loss: 0.1615, IoU: 0.8655, Dice: 0.9256, F1: 0.9256
2025-08-22 14:04:41,389 - INFO - Loss Components - Focal: 0.0361, Dice: 0.0568, Iou: 0.1052, Boundary: -0.4754
2025-08-22 14:45:20,699 - INFO - Epoch 6/150
2025-08-22 14:45:20,700 - INFO - Train - Loss: 0.0856, IoU: 0.9148, Dice: 0.9544, F1: 0.9544
2025-08-22 14:45:20,700 - INFO - Val - Loss: 0.1186, IoU: 0.8877, Dice: 0.9387, F1: 0.9387
2025-08-22 14:45:20,700 - INFO - Loss Components - Focal: 0.0327, Dice: 0.0519, Iou: 0.0966, Boundary: -0.4723
2025-08-22 14:45:21,825 - INFO - Saved best model with IoU: 0.8877
2025-08-22 15:31:20,203 - INFO - Epoch 7/150
2025-08-22 15:31:20,204 - INFO - Train - Loss: 0.0796, IoU: 0.9188, Dice: 0.9565, F1: 0.9565
2025-08-22 15:31:20,204 - INFO - Val - Loss: 0.1249, IoU: 0.8838, Dice: 0.9365, F1: 0.9365
2025-08-22 15:31:20,204 - INFO - Loss Components - Focal: 0.0316, Dice: 0.0493, Iou: 0.0919, Boundary: -0.4727
2025-08-22 16:18:15,508 - INFO - Epoch 8/150
2025-08-22 16:18:15,509 - INFO - Train - Loss: 0.0727, IoU: 0.9214, Dice: 0.9580, F1: 0.9580
2025-08-22 16:18:15,509 - INFO - Val - Loss: 0.1209, IoU: 0.8853, Dice: 0.9373, F1: 0.9373
2025-08-22 16:18:15,509 - INFO - Loss Components - Focal: 0.0293, Dice: 0.0469, Iou: 0.0880, Boundary: -0.4749
2025-08-22 17:02:02,039 - INFO - Epoch 9/150
2025-08-22 17:02:02,040 - INFO - Train - Loss: 0.0661, IoU: 0.9264, Dice: 0.9610, F1: 0.9610
2025-08-22 17:02:02,040 - INFO - Val - Loss: 0.1112, IoU: 0.8908, Dice: 0.9405, F1: 0.9405
2025-08-22 17:02:02,040 - INFO - Loss Components - Focal: 0.0275, Dice: 0.0443, Iou: 0.0833, Boundary: -0.4739
2025-08-22 17:02:03,139 - INFO - Saved best model with IoU: 0.8908
2025-08-22 17:46:01,549 - INFO - Epoch 10/150
2025-08-22 17:46:01,550 - INFO - Train - Loss: 0.0631, IoU: 0.9277, Dice: 0.9615, F1: 0.9615
2025-08-22 17:46:01,550 - INFO - Val - Loss: 0.1187, IoU: 0.8867, Dice: 0.9379, F1: 0.9379
2025-08-22 17:46:01,550 - INFO - Loss Components - Focal: 0.0263, Dice: 0.0430, Iou: 0.0812, Boundary: -0.4689
2025-08-22 18:30:24,776 - INFO - Epoch 11/150
2025-08-22 18:30:24,777 - INFO - Train - Loss: 0.0996, IoU: 0.9061, Dice: 0.9495, F1: 0.9495
2025-08-22 18:30:24,777 - INFO - Val - Loss: 0.1014, IoU: 0.8965, Dice: 0.9438, F1: 0.9438
2025-08-22 18:30:24,777 - INFO - Loss Components - Focal: 0.0365, Dice: 0.0571, Iou: 0.1058, Boundary: -0.4693
2025-08-22 18:30:25,872 - INFO - Saved best model with IoU: 0.8965
2025-08-22 19:15:16,049 - INFO - Epoch 12/150
2025-08-22 19:15:16,049 - INFO - Train - Loss: 0.0871, IoU: 0.9139, Dice: 0.9536, F1: 0.9536
2025-08-22 19:15:16,049 - INFO - Val - Loss: 0.1498, IoU: 0.8697, Dice: 0.9283, F1: 0.9283
2025-08-22 19:15:16,049 - INFO - Loss Components - Focal: 0.0336, Dice: 0.0520, Iou: 0.0968, Boundary: -0.4685
2025-08-22 19:53:05,226 - INFO - Epoch 13/150
2025-08-22 19:53:05,227 - INFO - Train - Loss: 0.0819, IoU: 0.9176, Dice: 0.9559, F1: 0.9559
2025-08-22 19:53:05,227 - INFO - Val - Loss: 0.1036, IoU: 0.8955, Dice: 0.9428, F1: 0.9428
2025-08-22 19:53:05,227 - INFO - Loss Components - Focal: 0.0320, Dice: 0.0502, Iou: 0.0936, Boundary: -0.4720
2025-08-22 20:29:09,546 - INFO - Epoch 14/150
2025-08-22 20:29:09,547 - INFO - Train - Loss: 0.0750, IoU: 0.9194, Dice: 0.9565, F1: 0.9565
2025-08-22 20:29:09,547 - INFO - Val - Loss: 0.1009, IoU: 0.8956, Dice: 0.9432, F1: 0.9432
2025-08-22 20:29:09,547 - INFO - Loss Components - Focal: 0.0299, Dice: 0.0477, Iou: 0.0895, Boundary: -0.4729
2025-08-22 21:04:58,841 - INFO - Epoch 15/150
2025-08-22 21:04:58,842 - INFO - Train - Loss: 0.0744, IoU: 0.9212, Dice: 0.9581, F1: 0.9581
2025-08-22 21:04:58,842 - INFO - Val - Loss: 0.1130, IoU: 0.8899, Dice: 0.9398, F1: 0.9398
2025-08-22 21:04:58,842 - INFO - Loss Components - Focal: 0.0294, Dice: 0.0475, Iou: 0.0891, Boundary: -0.4702
