2025-07-23 14:50:27,957 - INFO - ============================================================
2025-07-23 14:50:27,957 - INFO - COMPLETE DATASET SUMMARY
2025-07-23 14:50:27,957 - INFO - ============================================================
2025-07-23 14:50:27,957 - INFO - Train samples: 28,778
2025-07-23 14:50:27,957 - INFO - Val samples:   2,539
2025-07-23 14:50:27,957 - INFO - Test samples:  653
2025-07-23 14:50:27,957 - INFO - Total samples: 31,970
2025-07-23 14:50:27,957 - INFO - ============================================================
2025-07-23 16:01:49,410 - INFO - Epoch 1/150
2025-07-23 16:01:49,410 - INFO - Train - Loss: 0.3320, IoU: 0.7844, Dice: 0.8710, F1: 0.8710
2025-07-23 16:01:49,410 - INFO - Val - Loss: 0.1427, IoU: 0.8796, Dice: 0.9335, F1: 0.9335
2025-07-23 16:01:49,410 - INFO - Loss Components - Focal: 0.0811, Dice: 0.1663, IoU: 0.2693, Boundary: -0.5012
2025-07-23 16:01:50,290 - INFO - Saved best model with IoU: 0.8796
2025-07-23 17:13:49,829 - INFO - Epoch 2/150
2025-07-23 17:13:49,830 - INFO - Train - Loss: 0.1636, IoU: 0.8720, Dice: 0.9292, F1: 0.9292
2025-07-23 17:13:49,830 - INFO - Val - Loss: 0.1533, IoU: 0.8795, Dice: 0.9330, F1: 0.9330
2025-07-23 17:13:49,830 - INFO - Loss Components - Focal: 0.0505, Dice: 0.0840, IoU: 0.1507, Boundary: -0.4619
2025-07-23 18:27:00,778 - INFO - Epoch 3/150
2025-07-23 18:27:00,778 - INFO - Train - Loss: 0.1347, IoU: 0.8879, Dice: 0.9384, F1: 0.9384
2025-07-23 18:27:00,778 - INFO - Val - Loss: 0.1656, IoU: 0.8685, Dice: 0.9261, F1: 0.9261
2025-07-23 18:27:00,778 - INFO - Loss Components - Focal: 0.0439, Dice: 0.0720, IoU: 0.1304, Boundary: -0.4639
2025-07-23 19:40:07,344 - INFO - Epoch 4/150
2025-07-23 19:40:07,344 - INFO - Train - Loss: 0.1147, IoU: 0.8992, Dice: 0.9451, F1: 0.9451
2025-07-23 19:40:07,345 - INFO - Val - Loss: 0.1424, IoU: 0.8769, Dice: 0.9311, F1: 0.9311
2025-07-23 19:40:07,345 - INFO - Loss Components - Focal: 0.0380, Dice: 0.0642, IoU: 0.1175, Boundary: -0.4624
2025-07-23 20:54:59,559 - INFO - Epoch 5/150
2025-07-23 20:54:59,559 - INFO - Train - Loss: 0.1032, IoU: 0.9044, Dice: 0.9481, F1: 0.9481
2025-07-23 20:54:59,559 - INFO - Val - Loss: 0.1188, IoU: 0.8885, Dice: 0.9381, F1: 0.9381
2025-07-23 20:54:59,559 - INFO - Loss Components - Focal: 0.0356, Dice: 0.0595, IoU: 0.1093, Boundary: -0.4650
2025-07-23 20:55:00,374 - INFO - Saved best model with IoU: 0.8885
2025-07-23 22:07:33,168 - INFO - Epoch 6/150
2025-07-23 22:07:33,169 - INFO - Train - Loss: 0.0881, IoU: 0.9128, Dice: 0.9532, F1: 0.9532
2025-07-23 22:07:33,169 - INFO - Val - Loss: 0.1156, IoU: 0.8917, Dice: 0.9402, F1: 0.9402
2025-07-23 22:07:33,169 - INFO - Loss Components - Focal: 0.0309, Dice: 0.0539, IoU: 0.0999, Boundary: -0.4659
2025-07-23 22:07:34,001 - INFO - Saved best model with IoU: 0.8917
2025-07-23 23:19:09,619 - INFO - Epoch 7/150
2025-07-23 23:19:09,619 - INFO - Train - Loss: 0.0817, IoU: 0.9171, Dice: 0.9557, F1: 0.9557
2025-07-23 23:19:09,619 - INFO - Val - Loss: 0.1628, IoU: 0.8644, Dice: 0.9240, F1: 0.9240
2025-07-23 23:19:09,619 - INFO - Loss Components - Focal: 0.0295, Dice: 0.0512, IoU: 0.0953, Boundary: -0.4661
2025-07-24 00:32:04,230 - INFO - Epoch 8/150
2025-07-24 00:32:04,231 - INFO - Train - Loss: 0.0776, IoU: 0.9196, Dice: 0.9571, F1: 0.9571
2025-07-24 00:32:04,231 - INFO - Val - Loss: 0.1102, IoU: 0.8938, Dice: 0.9417, F1: 0.9417
2025-07-24 00:32:04,231 - INFO - Loss Components - Focal: 0.0289, Dice: 0.0494, IoU: 0.0923, Boundary: -0.4677
2025-07-24 00:32:05,068 - INFO - Saved best model with IoU: 0.8938
2025-07-24 01:45:07,437 - INFO - Epoch 9/150
2025-07-24 01:45:07,437 - INFO - Train - Loss: 0.0730, IoU: 0.9224, Dice: 0.9586, F1: 0.9586
2025-07-24 01:45:07,437 - INFO - Val - Loss: 0.1087, IoU: 0.8949, Dice: 0.9421, F1: 0.9421
2025-07-24 01:45:07,438 - INFO - Loss Components - Focal: 0.0280, Dice: 0.0474, IoU: 0.0885, Boundary: -0.4666
2025-07-24 01:45:08,227 - INFO - Saved best model with IoU: 0.8949
2025-07-24 02:59:48,186 - INFO - Epoch 10/150
2025-07-24 02:59:48,186 - INFO - Train - Loss: 0.0689, IoU: 0.9245, Dice: 0.9599, F1: 0.9599
2025-07-24 02:59:48,186 - INFO - Val - Loss: 0.1157, IoU: 0.8903, Dice: 0.9392, F1: 0.9392
2025-07-24 02:59:48,187 - INFO - Loss Components - Focal: 0.0257, Dice: 0.0461, IoU: 0.0865, Boundary: -0.4616
2025-07-24 04:14:33,631 - INFO - Epoch 11/150
2025-07-24 04:14:33,631 - INFO - Train - Loss: 0.0955, IoU: 0.9086, Dice: 0.9505, F1: 0.9505
2025-07-24 04:14:33,631 - INFO - Val - Loss: 0.1070, IoU: 0.8970, Dice: 0.9438, F1: 0.9438
2025-07-24 04:14:33,631 - INFO - Loss Components - Focal: 0.0333, Dice: 0.0565, IoU: 0.1042, Boundary: -0.4637
2025-07-24 04:14:34,488 - INFO - Saved best model with IoU: 0.8970
2025-07-24 05:27:56,628 - INFO - Epoch 12/150
2025-07-24 05:27:56,629 - INFO - Train - Loss: 0.0887, IoU: 0.9150, Dice: 0.9542, F1: 0.9542
2025-07-24 05:27:56,629 - INFO - Val - Loss: 0.1393, IoU: 0.8762, Dice: 0.9308, F1: 0.9308
2025-07-24 05:27:56,629 - INFO - Loss Components - Focal: 0.0331, Dice: 0.0531, IoU: 0.0983, Boundary: -0.4665
2025-07-24 06:42:14,177 - INFO - Epoch 13/150
2025-07-24 06:42:14,177 - INFO - Train - Loss: 0.0832, IoU: 0.9173, Dice: 0.9556, F1: 0.9556
2025-07-24 06:42:14,177 - INFO - Val - Loss: 0.0872, IoU: 0.9123, Dice: 0.9523, F1: 0.9523
2025-07-24 06:42:14,177 - INFO - Loss Components - Focal: 0.0313, Dice: 0.0511, IoU: 0.0949, Boundary: -0.4669
2025-07-24 06:42:15,104 - INFO - Saved best model with IoU: 0.9123
2025-07-24 07:56:00,964 - INFO - Epoch 14/150
2025-07-24 07:56:00,965 - INFO - Train - Loss: 0.0803, IoU: 0.9187, Dice: 0.9561, F1: 0.9561
2025-07-24 07:56:00,965 - INFO - Val - Loss: 0.1428, IoU: 0.8762, Dice: 0.9307, F1: 0.9307
2025-07-24 07:56:00,965 - INFO - Loss Components - Focal: 0.0312, Dice: 0.0499, IoU: 0.0926, Boundary: -0.4712
2025-07-24 09:09:06,061 - INFO - Epoch 15/150
2025-07-24 09:09:06,061 - INFO - Train - Loss: 0.0727, IoU: 0.9240, Dice: 0.9594, F1: 0.9594
2025-07-24 09:09:06,061 - INFO - Val - Loss: 0.1620, IoU: 0.8702, Dice: 0.9278, F1: 0.9278
2025-07-24 09:09:06,061 - INFO - Loss Components - Focal: 0.0292, Dice: 0.0466, IoU: 0.0871, Boundary: -0.4680
