2025-08-19 12:21:02,958 - INFO - ============================================================
2025-08-19 12:21:02,959 - INFO - COMPLETE DATASET SUMMARY
2025-08-19 12:21:02,959 - INFO - ============================================================
2025-08-19 12:21:02,959 - INFO - Train samples: 19,491
2025-08-19 12:21:02,959 - INFO - Val samples:   2,539
2025-08-19 12:21:02,959 - INFO - Test samples:  653
2025-08-19 12:21:02,959 - INFO - Total samples: 22,683
2025-08-19 12:21:02,959 - INFO - ============================================================
2025-08-19 12:57:23,991 - INFO - Epoch 1/100
2025-08-19 12:57:23,991 - INFO - Train - Loss: 0.0423, IoU: 0.9380, Dice: 0.9670, F1: 0.9670
2025-08-19 12:57:23,991 - INFO - Val - Loss: 0.1130, IoU: 0.8914, Dice: 0.9397, F1: 0.9397
2025-08-19 12:57:23,992 - INFO - Loss Components - Focal: 0.0198, Dice: 0.0379, Iou: 0.0720, Boundary: -0.5142
2025-08-19 12:57:24,794 - INFO - Saved best model with IoU: 0.8914
2025-08-19 13:33:58,983 - INFO - Epoch 2/100
2025-08-19 13:33:58,983 - INFO - Train - Loss: 0.0407, IoU: 0.9395, Dice: 0.9679, F1: 0.9679
2025-08-19 13:33:58,983 - INFO - Val - Loss: 0.1119, IoU: 0.8922, Dice: 0.9401, F1: 0.9401
2025-08-19 13:33:58,983 - INFO - Loss Components - Focal: 0.0202, Dice: 0.0370, Iou: 0.0702, Boundary: -0.5165
2025-08-19 13:34:00,341 - INFO - Saved best model with IoU: 0.8922
2025-08-19 14:10:29,462 - INFO - Epoch 3/100
2025-08-19 14:10:29,463 - INFO - Train - Loss: 0.0386, IoU: 0.9409, Dice: 0.9691, F1: 0.9691
2025-08-19 14:10:29,463 - INFO - Val - Loss: 0.1181, IoU: 0.8894, Dice: 0.9384, F1: 0.9384
2025-08-19 14:10:29,463 - INFO - Loss Components - Focal: 0.0196, Dice: 0.0362, Iou: 0.0690, Boundary: -0.5169
2025-08-19 14:46:53,436 - INFO - Epoch 4/100
2025-08-19 14:46:53,437 - INFO - Train - Loss: 0.0374, IoU: 0.9412, Dice: 0.9689, F1: 0.9689
2025-08-19 14:46:53,437 - INFO - Val - Loss: 0.1107, IoU: 0.8928, Dice: 0.9404, F1: 0.9404
2025-08-19 14:46:53,437 - INFO - Loss Components - Focal: 0.0197, Dice: 0.0356, Iou: 0.0679, Boundary: -0.5184
2025-08-19 14:46:55,156 - INFO - Saved best model with IoU: 0.8928
2025-08-19 15:23:35,916 - INFO - Epoch 5/100
2025-08-19 15:23:35,917 - INFO - Train - Loss: 0.0382, IoU: 0.9418, Dice: 0.9695, F1: 0.9695
2025-08-19 15:23:35,917 - INFO - Val - Loss: 0.1124, IoU: 0.8935, Dice: 0.9407, F1: 0.9407
2025-08-19 15:23:35,917 - INFO - Loss Components - Focal: 0.0192, Dice: 0.0356, Iou: 0.0679, Boundary: -0.5061
2025-08-19 15:23:36,764 - INFO - Saved best model with IoU: 0.8935
2025-08-19 16:00:11,414 - INFO - Epoch 6/100
2025-08-19 16:00:11,414 - INFO - Train - Loss: 0.0374, IoU: 0.9415, Dice: 0.9694, F1: 0.9694
2025-08-19 16:00:11,414 - INFO - Val - Loss: 0.1097, IoU: 0.8947, Dice: 0.9414, F1: 0.9414
2025-08-19 16:00:11,414 - INFO - Loss Components - Focal: 0.0187, Dice: 0.0358, Iou: 0.0681, Boundary: -0.5117
2025-08-19 16:00:12,419 - INFO - Saved best model with IoU: 0.8947
2025-08-19 16:36:33,793 - INFO - Epoch 7/100
2025-08-19 16:36:33,793 - INFO - Train - Loss: 0.0352, IoU: 0.9432, Dice: 0.9704, F1: 0.9704
2025-08-19 16:36:33,793 - INFO - Val - Loss: 0.1141, IoU: 0.8922, Dice: 0.9400, F1: 0.9400
2025-08-19 16:36:33,793 - INFO - Loss Components - Focal: 0.0184, Dice: 0.0348, Iou: 0.0665, Boundary: -0.5122
2025-08-19 17:13:18,266 - INFO - Epoch 8/100
2025-08-19 17:13:18,267 - INFO - Train - Loss: 0.0343, IoU: 0.9434, Dice: 0.9705, F1: 0.9705
2025-08-19 17:13:18,267 - INFO - Val - Loss: 0.1120, IoU: 0.8934, Dice: 0.9406, F1: 0.9406
2025-08-19 17:13:18,267 - INFO - Loss Components - Focal: 0.0181, Dice: 0.0345, Iou: 0.0660, Boundary: -0.5139
2025-08-19 17:50:34,129 - INFO - Epoch 9/100
2025-08-19 17:50:34,130 - INFO - Train - Loss: 0.0350, IoU: 0.9429, Dice: 0.9703, F1: 0.9703
2025-08-19 17:50:34,130 - INFO - Val - Loss: 0.1134, IoU: 0.8921, Dice: 0.9399, F1: 0.9399
2025-08-19 17:50:34,130 - INFO - Loss Components - Focal: 0.0182, Dice: 0.0346, Iou: 0.0662, Boundary: -0.5088
2025-08-19 18:28:01,793 - INFO - Epoch 10/100
2025-08-19 18:28:01,794 - INFO - Train - Loss: 0.0334, IoU: 0.9441, Dice: 0.9709, F1: 0.9709
2025-08-19 18:28:01,794 - INFO - Val - Loss: 0.1092, IoU: 0.8947, Dice: 0.9414, F1: 0.9414
2025-08-19 18:28:01,794 - INFO - Loss Components - Focal: 0.0184, Dice: 0.0339, Iou: 0.0649, Boundary: -0.5139
2025-08-19 19:05:39,115 - INFO - Epoch 11/100
2025-08-19 19:05:39,116 - INFO - Train - Loss: 0.0344, IoU: 0.9434, Dice: 0.9699, F1: 0.9699
2025-08-19 19:05:39,116 - INFO - Val - Loss: 0.1088, IoU: 0.8950, Dice: 0.9416, F1: 0.9416
2025-08-19 19:05:39,116 - INFO - Loss Components - Focal: 0.0186, Dice: 0.0343, Iou: 0.0652, Boundary: -0.5111
2025-08-19 19:05:40,851 - INFO - Saved best model with IoU: 0.8950
2025-08-19 19:44:18,883 - INFO - Epoch 12/100
2025-08-19 19:44:18,883 - INFO - Train - Loss: 0.0357, IoU: 0.9426, Dice: 0.9700, F1: 0.9700
2025-08-19 19:44:18,883 - INFO - Val - Loss: 0.1107, IoU: 0.8931, Dice: 0.9405, F1: 0.9405
2025-08-19 19:44:18,883 - INFO - Loss Components - Focal: 0.0190, Dice: 0.0349, Iou: 0.0665, Boundary: -0.5151
2025-08-19 20:22:17,241 - INFO - Epoch 13/100
2025-08-19 20:22:17,242 - INFO - Train - Loss: 0.0310, IoU: 0.9458, Dice: 0.9718, F1: 0.9718
2025-08-19 20:22:17,242 - INFO - Val - Loss: 0.1105, IoU: 0.8941, Dice: 0.9410, F1: 0.9410
2025-08-19 20:22:17,242 - INFO - Loss Components - Focal: 0.0173, Dice: 0.0329, Iou: 0.0630, Boundary: -0.5076
2025-08-19 21:00:31,792 - INFO - Epoch 14/100
2025-08-19 21:00:31,793 - INFO - Train - Loss: 0.0335, IoU: 0.9433, Dice: 0.9700, F1: 0.9700
2025-08-19 21:00:31,793 - INFO - Val - Loss: 0.1093, IoU: 0.8951, Dice: 0.9416, F1: 0.9416
2025-08-19 21:00:31,793 - INFO - Loss Components - Focal: 0.0179, Dice: 0.0340, Iou: 0.0650, Boundary: -0.5083
2025-08-19 21:00:33,522 - INFO - Saved best model with IoU: 0.8951
2025-08-19 21:38:50,712 - INFO - Epoch 15/100
2025-08-19 21:38:50,713 - INFO - Train - Loss: 0.0365, IoU: 0.9426, Dice: 0.9699, F1: 0.9699
2025-08-19 21:38:50,713 - INFO - Val - Loss: 0.1124, IoU: 0.8924, Dice: 0.9401, F1: 0.9401
2025-08-19 21:38:50,713 - INFO - Loss Components - Focal: 0.0194, Dice: 0.0348, Iou: 0.0663, Boundary: -0.5088
2025-08-19 22:16:55,444 - INFO - Epoch 16/100
2025-08-19 22:16:55,444 - INFO - Train - Loss: 0.0301, IoU: 0.9458, Dice: 0.9718, F1: 0.9718
2025-08-19 22:16:55,444 - INFO - Val - Loss: 0.1044, IoU: 0.8979, Dice: 0.9432, F1: 0.9432
2025-08-19 22:16:55,445 - INFO - Loss Components - Focal: 0.0177, Dice: 0.0329, Iou: 0.0630, Boundary: -0.5198
2025-08-19 22:16:57,131 - INFO - Saved best model with IoU: 0.8979
2025-08-19 22:54:54,314 - INFO - Epoch 17/100
2025-08-19 22:54:54,314 - INFO - Train - Loss: 0.0320, IoU: 0.9449, Dice: 0.9713, F1: 0.9713
2025-08-19 22:54:54,314 - INFO - Val - Loss: 0.1054, IoU: 0.8964, Dice: 0.9424, F1: 0.9424
2025-08-19 22:54:54,314 - INFO - Loss Components - Focal: 0.0185, Dice: 0.0335, Iou: 0.0640, Boundary: -0.5187
2025-08-19 23:33:39,982 - INFO - Epoch 18/100
2025-08-19 23:33:39,983 - INFO - Train - Loss: 0.0341, IoU: 0.9443, Dice: 0.9709, F1: 0.9709
2025-08-19 23:33:39,983 - INFO - Val - Loss: 0.1050, IoU: 0.8979, Dice: 0.9432, F1: 0.9432
2025-08-19 23:33:39,983 - INFO - Loss Components - Focal: 0.0194, Dice: 0.0339, Iou: 0.0647, Boundary: -0.5153
2025-08-19 23:33:41,686 - INFO - Saved best model with IoU: 0.8979
2025-08-20 00:11:25,058 - INFO - Epoch 19/100
2025-08-20 00:11:25,059 - INFO - Train - Loss: 0.0307, IoU: 0.9452, Dice: 0.9715, F1: 0.9715
2025-08-20 00:11:25,059 - INFO - Val - Loss: 0.1012, IoU: 0.8994, Dice: 0.9441, F1: 0.9441
2025-08-20 00:11:25,059 - INFO - Loss Components - Focal: 0.0179, Dice: 0.0331, Iou: 0.0633, Boundary: -0.5196
2025-08-20 00:11:26,598 - INFO - Saved best model with IoU: 0.8994
2025-08-20 00:50:20,489 - INFO - Epoch 20/100
2025-08-20 00:50:20,489 - INFO - Train - Loss: 0.0319, IoU: 0.9446, Dice: 0.9711, F1: 0.9711
2025-08-20 00:50:20,489 - INFO - Val - Loss: 0.1051, IoU: 0.8980, Dice: 0.9433, F1: 0.9433
2025-08-20 00:50:20,489 - INFO - Loss Components - Focal: 0.0184, Dice: 0.0333, Iou: 0.0637, Boundary: -0.5169
2025-08-20 01:27:59,661 - INFO - Epoch 21/100
2025-08-20 01:27:59,661 - INFO - Train - Loss: 0.0342, IoU: 0.9441, Dice: 0.9708, F1: 0.9708
2025-08-20 01:27:59,661 - INFO - Val - Loss: 0.1004, IoU: 0.9000, Dice: 0.9444, F1: 0.9444
2025-08-20 01:27:59,661 - INFO - Loss Components - Focal: 0.0190, Dice: 0.0339, Iou: 0.0648, Boundary: -0.5106
2025-08-20 01:28:01,372 - INFO - Saved best model with IoU: 0.9000
2025-08-20 02:06:21,030 - INFO - Epoch 22/100
2025-08-20 02:06:21,031 - INFO - Train - Loss: 0.0311, IoU: 0.9447, Dice: 0.9707, F1: 0.9707
2025-08-20 02:06:21,031 - INFO - Val - Loss: 0.1084, IoU: 0.8958, Dice: 0.9421, F1: 0.9421
2025-08-20 02:06:21,031 - INFO - Loss Components - Focal: 0.0186, Dice: 0.0327, Iou: 0.0625, Boundary: -0.5138
2025-08-20 02:44:18,745 - INFO - Epoch 23/100
2025-08-20 02:44:18,746 - INFO - Train - Loss: 0.0327, IoU: 0.9436, Dice: 0.9702, F1: 0.9702
2025-08-20 02:44:18,746 - INFO - Val - Loss: 0.0947, IoU: 0.9034, Dice: 0.9464, F1: 0.9464
2025-08-20 02:44:18,746 - INFO - Loss Components - Focal: 0.0187, Dice: 0.0334, Iou: 0.0640, Boundary: -0.5139
2025-08-20 02:44:20,700 - INFO - Saved best model with IoU: 0.9034
2025-08-20 03:22:40,995 - INFO - Epoch 24/100
2025-08-20 03:22:40,996 - INFO - Train - Loss: 0.0321, IoU: 0.9454, Dice: 0.9716, F1: 0.9716
2025-08-20 03:22:40,996 - INFO - Val - Loss: 0.1024, IoU: 0.8994, Dice: 0.9441, F1: 0.9441
2025-08-20 03:22:40,996 - INFO - Loss Components - Focal: 0.0182, Dice: 0.0330, Iou: 0.0632, Boundary: -0.5064
2025-08-20 04:01:34,319 - INFO - Epoch 25/100
2025-08-20 04:01:34,319 - INFO - Train - Loss: 0.0295, IoU: 0.9464, Dice: 0.9722, F1: 0.9722
2025-08-20 04:01:34,319 - INFO - Val - Loss: 0.1084, IoU: 0.8974, Dice: 0.9429, F1: 0.9429
2025-08-20 04:01:34,319 - INFO - Loss Components - Focal: 0.0180, Dice: 0.0321, Iou: 0.0616, Boundary: -0.5137
2025-08-20 04:40:24,539 - INFO - Epoch 26/100
2025-08-20 04:40:24,540 - INFO - Train - Loss: 0.0300, IoU: 0.9458, Dice: 0.9719, F1: 0.9719
2025-08-20 04:40:24,540 - INFO - Val - Loss: 0.1013, IoU: 0.9003, Dice: 0.9446, F1: 0.9446
2025-08-20 04:40:24,540 - INFO - Loss Components - Focal: 0.0178, Dice: 0.0326, Iou: 0.0626, Boundary: -0.5166
2025-08-20 05:18:28,392 - INFO - Epoch 27/100
2025-08-20 05:18:28,393 - INFO - Train - Loss: 0.0317, IoU: 0.9448, Dice: 0.9712, F1: 0.9712
2025-08-20 05:18:28,393 - INFO - Val - Loss: 0.1013, IoU: 0.9003, Dice: 0.9447, F1: 0.9447
2025-08-20 05:18:28,393 - INFO - Loss Components - Focal: 0.0189, Dice: 0.0332, Iou: 0.0634, Boundary: -0.5203
2025-08-20 05:56:34,117 - INFO - Epoch 28/100
2025-08-20 05:56:34,117 - INFO - Train - Loss: 0.0300, IoU: 0.9461, Dice: 0.9719, F1: 0.9719
2025-08-20 05:56:34,117 - INFO - Val - Loss: 0.0992, IoU: 0.9016, Dice: 0.9454, F1: 0.9454
2025-08-20 05:56:34,117 - INFO - Loss Components - Focal: 0.0187, Dice: 0.0322, Iou: 0.0618, Boundary: -0.5181
2025-08-20 06:34:33,861 - INFO - Epoch 29/100
2025-08-20 06:34:33,861 - INFO - Train - Loss: 0.0307, IoU: 0.9454, Dice: 0.9715, F1: 0.9715
2025-08-20 06:34:33,861 - INFO - Val - Loss: 0.1022, IoU: 0.9013, Dice: 0.9452, F1: 0.9452
2025-08-20 06:34:33,861 - INFO - Loss Components - Focal: 0.0189, Dice: 0.0325, Iou: 0.0621, Boundary: -0.5183
2025-08-20 07:15:09,923 - INFO - Epoch 30/100
2025-08-20 07:15:09,924 - INFO - Train - Loss: 0.0311, IoU: 0.9460, Dice: 0.9719, F1: 0.9719
2025-08-20 07:15:09,924 - INFO - Val - Loss: 0.0984, IoU: 0.9029, Dice: 0.9461, F1: 0.9461
2025-08-20 07:15:09,924 - INFO - Loss Components - Focal: 0.0186, Dice: 0.0324, Iou: 0.0621, Boundary: -0.5098
2025-08-20 07:53:30,575 - INFO - Epoch 31/100
2025-08-20 07:53:30,575 - INFO - Train - Loss: 0.0328, IoU: 0.9434, Dice: 0.9701, F1: 0.9701
2025-08-20 07:53:30,575 - INFO - Val - Loss: 0.1023, IoU: 0.9005, Dice: 0.9447, F1: 0.9447
2025-08-20 07:53:30,575 - INFO - Loss Components - Focal: 0.0188, Dice: 0.0332, Iou: 0.0636, Boundary: -0.5105
2025-08-20 08:31:33,483 - INFO - Epoch 32/100
2025-08-20 08:31:33,484 - INFO - Train - Loss: 0.0308, IoU: 0.9454, Dice: 0.9711, F1: 0.9711
2025-08-20 08:31:33,484 - INFO - Val - Loss: 0.0995, IoU: 0.9023, Dice: 0.9457, F1: 0.9457
2025-08-20 08:31:33,484 - INFO - Loss Components - Focal: 0.0193, Dice: 0.0322, Iou: 0.0616, Boundary: -0.5151
2025-08-20 09:10:39,196 - INFO - Epoch 33/100
2025-08-20 09:10:39,197 - INFO - Train - Loss: 0.0297, IoU: 0.9467, Dice: 0.9723, F1: 0.9723
2025-08-20 09:10:39,197 - INFO - Val - Loss: 0.0997, IoU: 0.9018, Dice: 0.9454, F1: 0.9454
2025-08-20 09:10:39,197 - INFO - Loss Components - Focal: 0.0178, Dice: 0.0320, Iou: 0.0614, Boundary: -0.5081
2025-08-20 09:49:45,618 - INFO - Epoch 34/100
2025-08-20 09:49:45,619 - INFO - Train - Loss: 0.0345, IoU: 0.9430, Dice: 0.9701, F1: 0.9701
2025-08-20 09:49:45,619 - INFO - Val - Loss: 0.1037, IoU: 0.8994, Dice: 0.9441, F1: 0.9441
2025-08-20 09:49:45,619 - INFO - Loss Components - Focal: 0.0200, Dice: 0.0340, Iou: 0.0647, Boundary: -0.5191
2025-08-20 10:28:28,172 - INFO - Epoch 35/100
2025-08-20 10:28:28,172 - INFO - Train - Loss: 0.0292, IoU: 0.9465, Dice: 0.9722, F1: 0.9722
2025-08-20 10:28:28,172 - INFO - Val - Loss: 0.1014, IoU: 0.9011, Dice: 0.9451, F1: 0.9451
2025-08-20 10:28:28,172 - INFO - Loss Components - Focal: 0.0181, Dice: 0.0319, Iou: 0.0613, Boundary: -0.5143
2025-08-20 11:06:41,238 - INFO - Epoch 36/100
2025-08-20 11:06:41,239 - INFO - Train - Loss: 0.0327, IoU: 0.9448, Dice: 0.9712, F1: 0.9712
2025-08-20 11:06:41,239 - INFO - Val - Loss: 0.1009, IoU: 0.9012, Dice: 0.9452, F1: 0.9452
2025-08-20 11:06:41,239 - INFO - Loss Components - Focal: 0.0196, Dice: 0.0329, Iou: 0.0630, Boundary: -0.5133
2025-08-20 11:46:15,799 - INFO - Epoch 37/100
2025-08-20 11:46:15,799 - INFO - Train - Loss: 0.0300, IoU: 0.9462, Dice: 0.9720, F1: 0.9720
2025-08-20 11:46:15,799 - INFO - Val - Loss: 0.1014, IoU: 0.9010, Dice: 0.9450, F1: 0.9450
2025-08-20 11:46:15,799 - INFO - Loss Components - Focal: 0.0189, Dice: 0.0320, Iou: 0.0614, Boundary: -0.5160
2025-08-20 12:26:55,103 - INFO - Epoch 38/100
2025-08-20 12:26:55,104 - INFO - Train - Loss: 0.0302, IoU: 0.9454, Dice: 0.9712, F1: 0.9712
2025-08-20 12:26:55,104 - INFO - Val - Loss: 0.1018, IoU: 0.9005, Dice: 0.9448, F1: 0.9448
2025-08-20 12:26:55,104 - INFO - Loss Components - Focal: 0.0184, Dice: 0.0320, Iou: 0.0614, Boundary: -0.5090
2025-08-20 13:07:55,551 - INFO - Epoch 39/100
2025-08-20 13:07:55,551 - INFO - Train - Loss: 0.0297, IoU: 0.9464, Dice: 0.9721, F1: 0.9721
2025-08-20 13:07:55,551 - INFO - Val - Loss: 0.0989, IoU: 0.9019, Dice: 0.9455, F1: 0.9455
2025-08-20 13:07:55,551 - INFO - Loss Components - Focal: 0.0185, Dice: 0.0321, Iou: 0.0615, Boundary: -0.5166
2025-08-20 13:45:05,456 - INFO - Epoch 40/100
2025-08-20 13:45:05,457 - INFO - Train - Loss: 0.0304, IoU: 0.9463, Dice: 0.9721, F1: 0.9721
2025-08-20 13:45:05,457 - INFO - Val - Loss: 0.0992, IoU: 0.9016, Dice: 0.9454, F1: 0.9454
2025-08-20 13:45:05,457 - INFO - Loss Components - Focal: 0.0187, Dice: 0.0322, Iou: 0.0616, Boundary: -0.5124
2025-08-20 14:22:13,515 - INFO - Epoch 41/100
2025-08-20 14:22:13,516 - INFO - Train - Loss: 0.0319, IoU: 0.9453, Dice: 0.9714, F1: 0.9714
2025-08-20 14:22:13,516 - INFO - Val - Loss: 0.0974, IoU: 0.9025, Dice: 0.9459, F1: 0.9459
2025-08-20 14:22:13,516 - INFO - Loss Components - Focal: 0.0195, Dice: 0.0327, Iou: 0.0624, Boundary: -0.5151
2025-08-20 14:59:06,363 - INFO - Epoch 42/100
2025-08-20 14:59:06,364 - INFO - Train - Loss: 0.0304, IoU: 0.9450, Dice: 0.9710, F1: 0.9710
2025-08-20 14:59:06,364 - INFO - Val - Loss: 0.0992, IoU: 0.9015, Dice: 0.9453, F1: 0.9453
2025-08-20 14:59:06,364 - INFO - Loss Components - Focal: 0.0187, Dice: 0.0323, Iou: 0.0619, Boundary: -0.5162
2025-08-20 15:36:03,711 - INFO - Epoch 43/100
2025-08-20 15:36:03,711 - INFO - Train - Loss: 0.0311, IoU: 0.9444, Dice: 0.9707, F1: 0.9707
2025-08-20 15:36:03,711 - INFO - Val - Loss: 0.0993, IoU: 0.9014, Dice: 0.9453, F1: 0.9453
2025-08-20 15:36:03,711 - INFO - Loss Components - Focal: 0.0184, Dice: 0.0326, Iou: 0.0625, Boundary: -0.5122
2025-08-20 16:13:04,552 - INFO - Epoch 44/100
2025-08-20 16:13:04,552 - INFO - Train - Loss: 0.0293, IoU: 0.9459, Dice: 0.9715, F1: 0.9715
2025-08-20 16:13:04,552 - INFO - Val - Loss: 0.0975, IoU: 0.9025, Dice: 0.9459, F1: 0.9459
2025-08-20 16:13:04,552 - INFO - Loss Components - Focal: 0.0180, Dice: 0.0318, Iou: 0.0611, Boundary: -0.5111
2025-08-20 16:50:01,222 - INFO - Epoch 45/100
2025-08-20 16:50:01,223 - INFO - Train - Loss: 0.0302, IoU: 0.9465, Dice: 0.9721, F1: 0.9721
2025-08-20 16:50:01,223 - INFO - Val - Loss: 0.0976, IoU: 0.9026, Dice: 0.9459, F1: 0.9459
2025-08-20 16:50:01,223 - INFO - Loss Components - Focal: 0.0187, Dice: 0.0321, Iou: 0.0613, Boundary: -0.5129
2025-08-20 17:26:58,685 - INFO - Epoch 46/100
2025-08-20 17:26:58,685 - INFO - Train - Loss: 0.0306, IoU: 0.9457, Dice: 0.9717, F1: 0.9717
2025-08-20 17:26:58,685 - INFO - Val - Loss: 0.0976, IoU: 0.9025, Dice: 0.9459, F1: 0.9459
2025-08-20 17:26:58,685 - INFO - Loss Components - Focal: 0.0186, Dice: 0.0326, Iou: 0.0624, Boundary: -0.5172
2025-08-20 18:04:26,733 - INFO - Epoch 47/100
2025-08-20 18:04:26,733 - INFO - Train - Loss: 0.0318, IoU: 0.9455, Dice: 0.9717, F1: 0.9717
2025-08-20 18:04:26,733 - INFO - Val - Loss: 0.0988, IoU: 0.9020, Dice: 0.9456, F1: 0.9456
2025-08-20 18:04:26,733 - INFO - Loss Components - Focal: 0.0193, Dice: 0.0325, Iou: 0.0622, Boundary: -0.5110
