2025-07-15 11:44:57,354 - INFO - ============================================================
2025-07-15 11:44:57,354 - INFO - COMPLETE DATASET SUMMARY
2025-07-15 11:44:57,354 - INFO - ============================================================
2025-07-15 11:44:57,354 - INFO - Train samples: 19,491
2025-07-15 11:44:57,354 - INFO - Val samples:   2,539
2025-07-15 11:44:57,354 - INFO - Test samples:  653
2025-07-15 11:44:57,354 - INFO - Total samples: 22,683
2025-07-15 11:44:57,354 - INFO - ============================================================
2025-07-15 15:59:57,233 - INFO - ============================================================
2025-07-15 15:59:57,233 - INFO - COMPLETE DATASET SUMMARY
2025-07-15 15:59:57,233 - INFO - ============================================================
2025-07-15 15:59:57,233 - INFO - Train samples: 19,491
2025-07-15 15:59:57,233 - INFO - Val samples:   2,539
2025-07-15 15:59:57,233 - INFO - Test samples:  653
2025-07-15 15:59:57,233 - INFO - Total samples: 22,683
2025-07-15 15:59:57,233 - INFO - ============================================================
2025-07-15 16:21:09,669 - INFO - Epoch 1/30
2025-07-15 16:21:09,669 - INFO - Train - Loss: 0.1052, IoU: 0.9435, Dice: 0.9706, F1: 0.9706
2025-07-15 16:21:09,669 - INFO - Val - Loss: 0.1772, IoU: 0.9008, Dice: 0.9461, F1: 0.9461
2025-07-15 16:21:09,669 - INFO - Loss Components - Focal: 0.0218, Dice: 0.0339, IoU: 0.0650
2025-07-15 16:21:11,544 - INFO - Saved best model with IoU: 0.9008
2025-07-15 16:42:38,280 - INFO - Epoch 2/30
2025-07-15 16:42:38,280 - INFO - Train - Loss: 0.1027, IoU: 0.9444, Dice: 0.9710, F1: 0.9710
2025-07-15 16:42:38,280 - INFO - Val - Loss: 0.1757, IoU: 0.9019, Dice: 0.9468, F1: 0.9468
2025-07-15 16:42:38,280 - INFO - Loss Components - Focal: 0.0206, Dice: 0.0334, IoU: 0.0639
2025-07-15 16:42:40,266 - INFO - Saved best model with IoU: 0.9019
2025-07-15 17:03:58,178 - INFO - Epoch 3/30
2025-07-15 17:03:58,178 - INFO - Train - Loss: 0.0999, IoU: 0.9454, Dice: 0.9716, F1: 0.9716
2025-07-15 17:03:58,178 - INFO - Val - Loss: 0.1736, IoU: 0.9029, Dice: 0.9473, F1: 0.9473
2025-07-15 17:03:58,178 - INFO - Loss Components - Focal: 0.0200, Dice: 0.0325, IoU: 0.0624
2025-07-15 17:04:00,161 - INFO - Saved best model with IoU: 0.9029
2025-07-15 17:24:26,928 - INFO - Epoch 4/30
2025-07-15 17:24:26,928 - INFO - Train - Loss: 0.0995, IoU: 0.9455, Dice: 0.9717, F1: 0.9717
2025-07-15 17:24:26,928 - INFO - Val - Loss: 0.1754, IoU: 0.9022, Dice: 0.9470, F1: 0.9470
2025-07-15 17:24:26,929 - INFO - Loss Components - Focal: 0.0199, Dice: 0.0323, IoU: 0.0622
2025-07-15 17:49:25,299 - INFO - Epoch 5/30
2025-07-15 17:49:25,300 - INFO - Train - Loss: 0.1028, IoU: 0.9433, Dice: 0.9704, F1: 0.9704
2025-07-15 17:49:25,300 - INFO - Val - Loss: 0.1721, IoU: 0.9040, Dice: 0.9480, F1: 0.9480
2025-07-15 17:49:25,300 - INFO - Loss Components - Focal: 0.0206, Dice: 0.0335, IoU: 0.0640
2025-07-15 17:49:27,587 - INFO - Saved best model with IoU: 0.9040
2025-07-15 18:13:40,628 - INFO - Epoch 6/30
2025-07-15 18:13:40,629 - INFO - Train - Loss: 0.1016, IoU: 0.9444, Dice: 0.9710, F1: 0.9710
2025-07-15 18:13:40,629 - INFO - Val - Loss: 0.1700, IoU: 0.9047, Dice: 0.9483, F1: 0.9483
2025-07-15 18:13:40,629 - INFO - Loss Components - Focal: 0.0205, Dice: 0.0330, IoU: 0.0632
2025-07-15 18:13:42,755 - INFO - Saved best model with IoU: 0.9047
2025-07-15 18:39:01,424 - INFO - Epoch 7/30
2025-07-15 18:39:01,425 - INFO - Train - Loss: 0.0984, IoU: 0.9459, Dice: 0.9718, F1: 0.9718
2025-07-15 18:39:01,425 - INFO - Val - Loss: 0.1676, IoU: 0.9059, Dice: 0.9491, F1: 0.9491
2025-07-15 18:39:01,425 - INFO - Loss Components - Focal: 0.0196, Dice: 0.0321, IoU: 0.0614
2025-07-15 18:39:03,600 - INFO - Saved best model with IoU: 0.9059
2025-07-15 19:03:01,482 - INFO - Epoch 8/30
2025-07-15 19:03:01,482 - INFO - Train - Loss: 0.0946, IoU: 0.9476, Dice: 0.9729, F1: 0.9729
2025-07-15 19:03:01,482 - INFO - Val - Loss: 0.1663, IoU: 0.9065, Dice: 0.9494, F1: 0.9494
2025-07-15 19:03:01,482 - INFO - Loss Components - Focal: 0.0184, Dice: 0.0309, IoU: 0.0596
2025-07-15 19:03:03,591 - INFO - Saved best model with IoU: 0.9065
2025-07-15 19:26:26,685 - INFO - Epoch 9/30
2025-07-15 19:26:26,685 - INFO - Train - Loss: 0.0943, IoU: 0.9478, Dice: 0.9730, F1: 0.9730
2025-07-15 19:26:26,685 - INFO - Val - Loss: 0.1685, IoU: 0.9056, Dice: 0.9489, F1: 0.9489
2025-07-15 19:26:26,685 - INFO - Loss Components - Focal: 0.0182, Dice: 0.0309, IoU: 0.0595
2025-07-15 19:49:48,165 - INFO - Epoch 10/30
2025-07-15 19:49:48,166 - INFO - Train - Loss: 0.0924, IoU: 0.9488, Dice: 0.9735, F1: 0.9735
2025-07-15 19:49:48,166 - INFO - Val - Loss: 0.1679, IoU: 0.9058, Dice: 0.9490, F1: 0.9490
2025-07-15 19:49:48,166 - INFO - Loss Components - Focal: 0.0178, Dice: 0.0302, IoU: 0.0583
2025-07-15 20:14:09,269 - INFO - Epoch 11/30
2025-07-15 20:14:09,270 - INFO - Train - Loss: 0.0964, IoU: 0.9472, Dice: 0.9726, F1: 0.9726
2025-07-15 20:14:09,270 - INFO - Val - Loss: 0.1678, IoU: 0.9061, Dice: 0.9491, F1: 0.9491
2025-07-15 20:14:09,270 - INFO - Loss Components - Focal: 0.0195, Dice: 0.0313, IoU: 0.0600
2025-07-15 20:38:32,829 - INFO - Epoch 12/30
2025-07-15 20:38:32,829 - INFO - Train - Loss: 0.0947, IoU: 0.9476, Dice: 0.9729, F1: 0.9729
2025-07-15 20:38:32,829 - INFO - Val - Loss: 0.1719, IoU: 0.9040, Dice: 0.9480, F1: 0.9480
2025-07-15 20:38:32,829 - INFO - Loss Components - Focal: 0.0183, Dice: 0.0311, IoU: 0.0598
2025-07-15 21:02:43,962 - INFO - Epoch 13/30
2025-07-15 21:02:43,962 - INFO - Train - Loss: 0.0957, IoU: 0.9475, Dice: 0.9727, F1: 0.9727
2025-07-15 21:02:43,962 - INFO - Val - Loss: 0.1751, IoU: 0.9028, Dice: 0.9473, F1: 0.9473
2025-07-15 21:02:43,962 - INFO - Loss Components - Focal: 0.0189, Dice: 0.0312, IoU: 0.0599
2025-07-15 21:25:55,874 - INFO - Epoch 14/30
2025-07-15 21:25:55,874 - INFO - Train - Loss: 0.0979, IoU: 0.9460, Dice: 0.9719, F1: 0.9719
2025-07-15 21:25:55,874 - INFO - Val - Loss: 0.1704, IoU: 0.9051, Dice: 0.9485, F1: 0.9485
2025-07-15 21:25:55,874 - INFO - Loss Components - Focal: 0.0192, Dice: 0.0320, IoU: 0.0614
2025-07-15 21:49:06,922 - INFO - Epoch 15/30
2025-07-15 21:49:06,923 - INFO - Train - Loss: 0.0949, IoU: 0.9474, Dice: 0.9727, F1: 0.9727
2025-07-15 21:49:06,923 - INFO - Val - Loss: 0.1720, IoU: 0.9045, Dice: 0.9481, F1: 0.9481
2025-07-15 21:49:06,923 - INFO - Loss Components - Focal: 0.0185, Dice: 0.0310, IoU: 0.0597
2025-07-15 22:12:45,895 - INFO - Epoch 16/30
2025-07-15 22:12:45,896 - INFO - Train - Loss: 0.0954, IoU: 0.9474, Dice: 0.9726, F1: 0.9726
2025-07-15 22:12:45,896 - INFO - Val - Loss: 0.1709, IoU: 0.9052, Dice: 0.9485, F1: 0.9485
2025-07-15 22:12:45,896 - INFO - Loss Components - Focal: 0.0189, Dice: 0.0311, IoU: 0.0596
2025-07-15 22:36:33,561 - INFO - Epoch 17/30
2025-07-15 22:36:33,562 - INFO - Train - Loss: 0.1063, IoU: 0.9422, Dice: 0.9695, F1: 0.9695
2025-07-15 22:36:33,562 - INFO - Val - Loss: 0.1883, IoU: 0.8962, Dice: 0.9428, F1: 0.9428
2025-07-15 22:36:33,562 - INFO - Loss Components - Focal: 0.0223, Dice: 0.0343, IoU: 0.0651
2025-07-15 23:00:20,423 - INFO - Epoch 18/30
2025-07-15 23:00:20,424 - INFO - Train - Loss: 0.1738, IoU: 0.9079, Dice: 0.9482, F1: 0.9482
2025-07-15 23:00:20,424 - INFO - Val - Loss: 0.2142, IoU: 0.8854, Dice: 0.9365, F1: 0.9365
2025-07-15 23:00:20,424 - INFO - Loss Components - Focal: 0.0391, Dice: 0.0563, IoU: 0.1006
2025-07-15 23:23:37,609 - INFO - Epoch 19/30
2025-07-15 23:23:37,609 - INFO - Train - Loss: 0.2648, IoU: 0.8657, Dice: 0.9224, F1: 0.9224
2025-07-15 23:23:37,609 - INFO - Val - Loss: 0.2265, IoU: 0.8816, Dice: 0.9347, F1: 0.9347
2025-07-15 23:23:37,609 - INFO - Loss Components - Focal: 0.0659, Dice: 0.0840, IoU: 0.1458
2025-07-15 23:48:32,950 - INFO - Epoch 20/30
2025-07-15 23:48:32,951 - INFO - Train - Loss: 0.2923, IoU: 0.8586, Dice: 0.9190, F1: 0.9190
2025-07-15 23:48:32,951 - INFO - Val - Loss: 0.2479, IoU: 0.8768, Dice: 0.9319, F1: 0.9319
2025-07-15 23:48:32,951 - INFO - Loss Components - Focal: 0.0825, Dice: 0.0884, IoU: 0.1543
2025-07-16 00:13:05,373 - INFO - Epoch 21/30
2025-07-16 00:13:05,374 - INFO - Train - Loss: 0.3063, IoU: 0.8555, Dice: 0.9171, F1: 0.9171
2025-07-16 00:13:05,374 - INFO - Val - Loss: 0.2489, IoU: 0.8781, Dice: 0.9327, F1: 0.9327
2025-07-16 00:13:05,374 - INFO - Loss Components - Focal: 0.0909, Dice: 0.0908, IoU: 0.1581
2025-07-16 00:36:51,433 - INFO - Epoch 22/30
2025-07-16 00:36:51,434 - INFO - Train - Loss: 0.2665, IoU: 0.8742, Dice: 0.9286, F1: 0.9286
2025-07-16 00:36:51,434 - INFO - Val - Loss: 0.2414, IoU: 0.8808, Dice: 0.9343, F1: 0.9343
2025-07-16 00:36:51,434 - INFO - Loss Components - Focal: 0.0775, Dice: 0.0794, IoU: 0.1397
2025-07-16 00:59:58,283 - INFO - Epoch 23/30
2025-07-16 00:59:58,284 - INFO - Train - Loss: 0.2519, IoU: 0.8801, Dice: 0.9328, F1: 0.9328
2025-07-16 00:59:58,284 - INFO - Val - Loss: 0.2316, IoU: 0.8837, Dice: 0.9360, F1: 0.9360
2025-07-16 00:59:58,284 - INFO - Loss Components - Focal: 0.0725, Dice: 0.0751, IoU: 0.1336
2025-07-16 00:59:58,288 - INFO - Early stopping triggered after 23 epochs
2025-07-16 00:59:58,288 - INFO - Best model was from epoch 8 with IoU: 0.9065
