2025-08-20 18:53:12,093 - INFO - ============================================================
2025-08-20 18:53:12,093 - INFO - COMPLETE DATASET SUMMARY
2025-08-20 18:53:12,093 - INFO - ============================================================
2025-08-20 18:53:12,093 - INFO - Train samples: 28,778
2025-08-20 18:53:12,093 - INFO - Val samples:   2,539
2025-08-20 18:53:12,093 - INFO - Test samples:  653
2025-08-20 18:53:12,093 - INFO - Total samples: 31,970
2025-08-20 18:53:12,093 - INFO - ============================================================
2025-08-20 20:10:21,815 - INFO - Epoch 1/150
2025-08-20 20:10:21,816 - INFO - Train - Loss: 0.2926, IoU: 0.8017, Dice: 0.8822, F1: 0.8822
2025-08-20 20:10:21,816 - INFO - Val - Loss: 0.1112, IoU: 0.8967, Dice: 0.9434, F1: 0.9434
2025-08-20 20:10:21,816 - INFO - Loss Components - Focal: 0.0855, Dice: 0.1394, Iou: 0.2315, Boundary: -0.4807
2025-08-20 20:10:23,356 - INFO - Saved best model with IoU: 0.8967
2025-08-20 21:32:09,682 - INFO - Epoch 2/150
2025-08-20 21:32:09,683 - INFO - Train - Loss: 0.1409, IoU: 0.8818, Dice: 0.9342, F1: 0.9342
2025-08-20 21:32:09,683 - INFO - Val - Loss: 0.1816, IoU: 0.8528, Dice: 0.9167, F1: 0.9167
2025-08-20 21:32:09,683 - INFO - Loss Components - Focal: 0.0464, Dice: 0.0741, Iou: 0.1334, Boundary: -0.4630
2025-08-20 22:59:56,046 - INFO - Epoch 3/150
2025-08-20 22:59:56,047 - INFO - Train - Loss: 0.1174, IoU: 0.8968, Dice: 0.9430, F1: 0.9430
2025-08-20 22:59:56,047 - INFO - Val - Loss: 0.1101, IoU: 0.8925, Dice: 0.9410, F1: 0.9410
2025-08-20 22:59:56,047 - INFO - Loss Components - Focal: 0.0420, Dice: 0.0639, Iou: 0.1161, Boundary: -0.4663
2025-08-21 00:30:24,811 - INFO - Epoch 4/150
2025-08-21 00:30:24,811 - INFO - Train - Loss: 0.1028, IoU: 0.9055, Dice: 0.9481, F1: 0.9481
2025-08-21 00:30:24,812 - INFO - Val - Loss: 0.1160, IoU: 0.8919, Dice: 0.9400, F1: 0.9400
2025-08-21 00:30:24,812 - INFO - Loss Components - Focal: 0.0374, Dice: 0.0584, Iou: 0.1066, Boundary: -0.4641
2025-08-21 01:59:32,457 - INFO - Epoch 5/150
2025-08-21 01:59:32,457 - INFO - Train - Loss: 0.0872, IoU: 0.9148, Dice: 0.9539, F1: 0.9539
2025-08-21 01:59:32,457 - INFO - Val - Loss: 0.1912, IoU: 0.8529, Dice: 0.9171, F1: 0.9171
2025-08-21 01:59:32,457 - INFO - Loss Components - Focal: 0.0334, Dice: 0.0523, Iou: 0.0966, Boundary: -0.4682
2025-08-21 03:28:50,471 - INFO - Epoch 6/150
2025-08-21 03:28:50,471 - INFO - Train - Loss: 0.0753, IoU: 0.9214, Dice: 0.9577, F1: 0.9577
2025-08-21 03:28:50,471 - INFO - Val - Loss: 0.1237, IoU: 0.8865, Dice: 0.9374, F1: 0.9374
2025-08-21 03:28:50,471 - INFO - Loss Components - Focal: 0.0292, Dice: 0.0481, Iou: 0.0894, Boundary: -0.4671
2025-08-21 04:56:41,717 - INFO - Epoch 7/150
2025-08-21 04:56:41,718 - INFO - Train - Loss: 0.0719, IoU: 0.9232, Dice: 0.9584, F1: 0.9584
2025-08-21 04:56:41,718 - INFO - Val - Loss: 0.1244, IoU: 0.8858, Dice: 0.9364, F1: 0.9364
2025-08-21 04:56:41,718 - INFO - Loss Components - Focal: 0.0293, Dice: 0.0464, Iou: 0.0861, Boundary: -0.4690
2025-08-21 06:25:03,371 - INFO - Epoch 8/150
2025-08-21 06:25:03,371 - INFO - Train - Loss: 0.0691, IoU: 0.9254, Dice: 0.9599, F1: 0.9599
2025-08-21 06:25:03,371 - INFO - Val - Loss: 0.1048, IoU: 0.8966, Dice: 0.9427, F1: 0.9427
2025-08-21 06:25:03,371 - INFO - Loss Components - Focal: 0.0288, Dice: 0.0453, Iou: 0.0840, Boundary: -0.4701
2025-08-21 07:53:06,066 - INFO - Epoch 9/150
2025-08-21 07:53:06,067 - INFO - Train - Loss: 0.0615, IoU: 0.9292, Dice: 0.9617, F1: 0.9617
2025-08-21 07:53:06,067 - INFO - Val - Loss: 0.0991, IoU: 0.8986, Dice: 0.9440, F1: 0.9440
2025-08-21 07:53:06,067 - INFO - Loss Components - Focal: 0.0264, Dice: 0.0422, Iou: 0.0790, Boundary: -0.4663
2025-08-21 07:53:07,762 - INFO - Saved best model with IoU: 0.8986
2025-08-21 09:22:02,960 - INFO - Epoch 10/150
2025-08-21 09:22:02,961 - INFO - Train - Loss: 0.0593, IoU: 0.9313, Dice: 0.9634, F1: 0.9634
2025-08-21 09:22:02,961 - INFO - Val - Loss: 0.1036, IoU: 0.8969, Dice: 0.9429, F1: 0.9429
2025-08-21 09:22:02,961 - INFO - Loss Components - Focal: 0.0252, Dice: 0.0416, Iou: 0.0780, Boundary: -0.4648
