2025-07-09 07:55:20,772 - INFO - ============================================================
2025-07-09 07:55:20,773 - INFO - COMPLETE DATASET SUMMARY
2025-07-09 07:55:20,773 - INFO - ============================================================
2025-07-09 07:55:20,773 - INFO - Train samples: 28,778
2025-07-09 07:55:20,773 - INFO - Val samples:   2,539
2025-07-09 07:55:20,773 - INFO - Test samples:  653
2025-07-09 07:55:20,773 - INFO - Total samples: 31,970
2025-07-09 07:55:20,773 - INFO - ============================================================
2025-07-09 08:28:33,637 - INFO - Epoch 1/20
2025-07-09 08:28:33,637 - INFO - Train - Loss: 0.3643, IoU: 0.8113, Dice: 0.8894, F1: 0.8894
2025-07-09 08:28:33,637 - INFO - Val - Loss: 0.1892, IoU: 0.8793, Dice: 0.9340, F1: 0.9340
2025-07-09 08:28:33,637 - INFO - Loss Components - Focal: 0.0676, Dice: 0.1639, IoU: 0.2654
2025-07-09 08:28:35,656 - INFO - Saved best model with IoU: 0.8793
2025-07-09 09:02:33,985 - INFO - Epoch 2/20
2025-07-09 09:02:33,985 - INFO - Train - Loss: 0.2073, IoU: 0.8768, Dice: 0.9318, F1: 0.9318
2025-07-09 09:02:33,985 - INFO - Val - Loss: 0.1915, IoU: 0.8725, Dice: 0.9300, F1: 0.9300
2025-07-09 09:02:33,985 - INFO - Loss Components - Focal: 0.0556, Dice: 0.0799, IoU: 0.1436
2025-07-09 09:34:58,561 - INFO - Epoch 3/20
2025-07-09 09:34:58,562 - INFO - Train - Loss: 0.1800, IoU: 0.8913, Dice: 0.9401, F1: 0.9401
2025-07-09 09:34:58,562 - INFO - Val - Loss: 0.1562, IoU: 0.8955, Dice: 0.9430, F1: 0.9430
2025-07-09 09:34:58,562 - INFO - Loss Components - Focal: 0.0494, Dice: 0.0685, IoU: 0.1241
2025-07-09 09:35:00,774 - INFO - Saved best model with IoU: 0.8955
2025-07-09 10:09:38,711 - INFO - Epoch 4/20
2025-07-09 10:09:38,712 - INFO - Train - Loss: 0.1615, IoU: 0.9020, Dice: 0.9466, F1: 0.9466
2025-07-09 10:09:38,712 - INFO - Val - Loss: 0.1669, IoU: 0.8902, Dice: 0.9400, F1: 0.9400
2025-07-09 10:09:38,712 - INFO - Loss Components - Focal: 0.0437, Dice: 0.0615, IoU: 0.1125
2025-07-09 10:43:26,748 - INFO - Epoch 5/20
2025-07-09 10:43:26,749 - INFO - Train - Loss: 0.1520, IoU: 0.9066, Dice: 0.9492, F1: 0.9492
2025-07-09 10:43:26,749 - INFO - Val - Loss: 0.2013, IoU: 0.8723, Dice: 0.9289, F1: 0.9289
2025-07-09 10:43:26,749 - INFO - Loss Components - Focal: 0.0399, Dice: 0.0585, IoU: 0.1073
2025-07-09 11:09:46,415 - INFO - Epoch 6/20
2025-07-09 11:09:46,416 - INFO - Train - Loss: 0.1334, IoU: 0.9163, Dice: 0.9552, F1: 0.9552
2025-07-09 11:09:46,416 - INFO - Val - Loss: 0.1481, IoU: 0.9006, Dice: 0.9460, F1: 0.9460
2025-07-09 11:09:46,416 - INFO - Loss Components - Focal: 0.0334, Dice: 0.0518, IoU: 0.0964
2025-07-09 11:09:48,556 - INFO - Saved best model with IoU: 0.9006
2025-07-09 11:32:21,664 - INFO - Epoch 7/20
2025-07-09 11:32:21,665 - INFO - Train - Loss: 0.1299, IoU: 0.9177, Dice: 0.9556, F1: 0.9556
2025-07-09 11:32:21,665 - INFO - Val - Loss: 0.1727, IoU: 0.8848, Dice: 0.9370, F1: 0.9370
2025-07-09 11:32:21,665 - INFO - Loss Components - Focal: 0.0327, Dice: 0.0504, IoU: 0.0935
2025-07-09 12:04:52,311 - INFO - Epoch 8/20
2025-07-09 12:04:52,311 - INFO - Train - Loss: 0.1205, IoU: 0.9231, Dice: 0.9590, F1: 0.9590
2025-07-09 12:04:52,311 - INFO - Val - Loss: 0.1656, IoU: 0.8910, Dice: 0.9405, F1: 0.9405
2025-07-09 12:04:52,311 - INFO - Loss Components - Focal: 0.0295, Dice: 0.0470, IoU: 0.0880
2025-07-09 12:38:02,971 - INFO - Epoch 9/20
2025-07-09 12:38:02,971 - INFO - Train - Loss: 0.1136, IoU: 0.9266, Dice: 0.9609, F1: 0.9609
2025-07-09 12:38:02,972 - INFO - Val - Loss: 0.1922, IoU: 0.8771, Dice: 0.9323, F1: 0.9323
2025-07-09 12:38:02,972 - INFO - Loss Components - Focal: 0.0270, Dice: 0.0447, IoU: 0.0838
2025-07-09 13:11:40,741 - INFO - Epoch 10/20
2025-07-09 13:11:40,741 - INFO - Train - Loss: 0.1096, IoU: 0.9288, Dice: 0.9622, F1: 0.9622
2025-07-09 13:11:40,741 - INFO - Val - Loss: 0.1574, IoU: 0.8937, Dice: 0.9420, F1: 0.9420
2025-07-09 13:11:40,741 - INFO - Loss Components - Focal: 0.0261, Dice: 0.0430, IoU: 0.0809
2025-07-09 13:45:04,994 - INFO - Epoch 11/20
2025-07-09 13:45:04,995 - INFO - Train - Loss: 0.1023, IoU: 0.9330, Dice: 0.9645, F1: 0.9645
2025-07-09 13:45:04,995 - INFO - Val - Loss: 0.1597, IoU: 0.8919, Dice: 0.9411, F1: 0.9411
2025-07-09 13:45:04,995 - INFO - Loss Components - Focal: 0.0238, Dice: 0.0404, IoU: 0.0762
